[
    {
      "Plan": {
        "Node Type": "Aggregate",
        "Strategy": "Sorted",
        "Partial Mode": "Simple",
        "Parallel Aware": false,
        "Async Capable": false,
        "Startup Cost": 1133355.69,
        "Total Cost": 1162985.76,
        "Plan Rows": 10322,
        "Plan Width": 56,
        "Actual Startup Time": 10918.947,
        "Actual Total Time": 12877.432,
        "Actual Rows": 34323,
        "Actual Loops": 1,
        "Group Key": ["t.passenger_name"],
        "Plans": [
          {
            "Node Type": "Sort",
            "Parent Relationship": "Outer",
            "Parallel Aware": false,
            "Async Capable": false,
            "Startup Cost": 1133355.69,
            "Total Cost": 1140730.95,
            "Plan Rows": 2950104,
            "Plan Width": 29,
            "Actual Startup Time": 10918.888,
            "Actual Total Time": 11219.782,
            "Actual Rows": 2949857,
            "Actual Loops": 1,
            "Sort Key": ["t.passenger_name"],
            "Sort Method": "external merge",
            "Sort Space Used": 115672,
            "Sort Space Type": "Disk",
            "Plans": [
              {
                "Node Type": "Merge Join",
                "Parent Relationship": "Outer",
                "Parallel Aware": false,
                "Async Capable": false,
                "Join Type": "Inner",
                "Startup Cost": 516965.05,
                "Total Cost": 675163.58,
                "Plan Rows": 2950104,
                "Plan Width": 29,
                "Actual Startup Time": 5199.968,
                "Actual Total Time": 7295.137,
                "Actual Rows": 2949857,
                "Actual Loops": 1,
                "Inner Unique": false,
                "Merge Cond": "(b.book_ref = t.book_ref)",
                "Plans": [
                  {
                    "Node Type": "Index Scan",
                    "Parent Relationship": "Outer",
                    "Parallel Aware": false,
                    "Async Capable": false,
                    "Scan Direction": "Forward",
                    "Index Name": "bookings_pkey",
                    "Relation Name": "bookings",
                    "Alias": "b",
                    "Startup Cost": 0.43,
                    "Total Cost": 108672.57,
                    "Plan Rows": 2111110,
                    "Plan Width": 13,
                    "Actual Startup Time": 0.005,
                    "Actual Total Time": 1116.604,
                    "Actual Rows": 2111110,
                    "Actual Loops": 1
                  },
                  {
                    "Node Type": "Sort",
                    "Parent Relationship": "Inner",
                    "Parallel Aware": false,
                    "Async Capable": false,
                    "Startup Cost": 516963.15,
                    "Total Cost": 524338.41,
                    "Plan Rows": 2950104,
                    "Plan Width": 23,
                    "Actual Startup Time": 5123.139,
                    "Actual Total Time": 5328.721,
                    "Actual Rows": 2949857,
                    "Actual Loops": 1,
                    "Sort Key": ["t.book_ref"],
                    "Sort Method": "external sort",
                    "Sort Space Used": 107200,
                    "Sort Space Type": "Disk",
                    "Plans": [
                      {
                        "Node Type": "Seq Scan",
                        "Parent Relationship": "Outer",
                        "Parallel Aware": false,
                        "Async Capable": false,
                        "Relation Name": "tickets",
                        "Alias": "t",
                        "Startup Cost": 0.00,
                        "Total Cost": 78938.04,
                        "Plan Rows": 2950104,
                        "Plan Width": 23,
                        "Actual Startup Time": 0.030,
                        "Actual Total Time": 248.400,
                        "Actual Rows": 2949857,
                        "Actual Loops": 1
                      }
                    ]
                  }
                ]
              }
            ]
          }
        ]
      },
      "Planning Time": 0.298,
      "Triggers": [
      ],
      "JIT": {
        "Functions": 14,
        "Options": {
          "Inlining": true,
          "Optimization": true,
          "Expressions": true,
          "Deforming": true
        },
        "Timing": {
          "Generation": 0.503,
          "Inlining": 5.424,
          "Optimization": 43.664,
          "Emission": 27.741,
          "Total": 77.332
        }
      },
      "Execution Time": 12899.840
    }
  ]