[
    {
      "Plan": {
        "Node Type": "Aggregate",
        "Strategy": "Sorted",
        "Partial Mode": "Simple",
        "Parallel Aware": false,
        "Async Capable": false,
        "Startup Cost": 255835.65,
        "Total Cost": 328365.99,
        "Plan Rows": 3688,
        "Plan Width": 39,
        "Actual Startup Time": 1316.660,
        "Actual Total Time": 26765.619,
        "Actual Rows": 1199,
        "Actual Loops": 1,
        "Group Key": ["f.aircraft_code", "s.seat_no"],
        "Plans": [
          {
            "Node Type": "Merge Join",
            "Parent Relationship": "Outer",
            "Parallel Aware": false,
            "Async Capable": false,
            "Join Type": "Inner",
            "Startup Cost": 255835.65,
            "Total Cost": 304174.29,
            "Plan Rows": 3219414,
            "Plan Width": 13,
            "Actual Startup Time": 1308.249,
            "Actual Total Time": 17335.876,
            "Actual Rows": 110338099,
            "Actual Loops": 1,
            "Inner Unique": false,
            "Merge Cond": "(s.aircraft_code = f.aircraft_code)",
            "Plans": [
              {
                "Node Type": "Index Only Scan",
                "Parent Relationship": "Outer",
                "Parallel Aware": false,
                "Async Capable": false,
                "Scan Direction": "Forward",
                "Index Name": "seats_pkey",
                "Relation Name": "seats",
                "Alias": "s",
                "Startup Cost": 0.28,
                "Total Cost": 44.36,
                "Plan Rows": 1339,
                "Plan Width": 7,
                "Actual Startup Time": 0.015,
                "Actual Total Time": 1.447,
                "Actual Rows": 1339,
                "Actual Loops": 1,
                "Heap Fetches": 0
              },
              {
                "Node Type": "Sort",
                "Parent Relationship": "Inner",
                "Parallel Aware": false,
                "Async Capable": false,
                "Startup Cost": 255835.37,
                "Total Cost": 255940.24,
                "Plan Rows": 41949,
                "Plan Width": 10,
                "Actual Startup Time": 1301.867,
                "Actual Total Time": 7235.459,
                "Actual Rows": 110338003,
                "Actual Loops": 1,
                "Sort Key": ["f.aircraft_code"],
                "Sort Method": "external sort",
                "Sort Space Used": 16704,
                "Sort Space Type": "Disk",
                "Plans": [
                  {
                    "Node Type": "Nested Loop",
                    "Parent Relationship": "Outer",
                    "Parallel Aware": false,
                    "Async Capable": false,
                    "Join Type": "Inner",
                    "Startup Cost": 0.43,
                    "Total Cost": 252614.45,
                    "Plan Rows": 41949,
                    "Plan Width": 10,
                    "Actual Startup Time": 0.063,
                    "Actual Total Time": 1127.708,
                    "Actual Rows": 700759,
                    "Actual Loops": 1,
                    "Inner Unique": false,
                    "Plans": [
                      {
                        "Node Type": "Seq Scan",
                        "Parent Relationship": "Outer",
                        "Parallel Aware": false,
                        "Async Capable": false,
                        "Relation Name": "flights",
                        "Alias": "f",
                        "Startup Cost": 0.00,
                        "Total Cost": 6935.34,
                        "Plan Rows": 1074,
                        "Plan Width": 8,
                        "Actual Startup Time": 0.042,
                        "Actual Total Time": 33.932,
                        "Actual Rows": 17360,
                        "Actual Loops": 1,
                        "Filter": "((date(scheduled_departure) >= '2017-01-26'::date) AND (date(scheduled_departure) <= '2017-02-26'::date))",
                        "Rows Removed by Filter": 197507
                      },
                      {
                        "Node Type": "Index Scan",
                        "Parent Relationship": "Inner",
                        "Parallel Aware": false,
                        "Async Capable": false,
                        "Scan Direction": "Forward",
                        "Index Name": "q4_tf_fid",
                        "Relation Name": "ticket_flights",
                        "Alias": "tf",
                        "Startup Cost": 0.43,
                        "Total Cost": 227.72,
                        "Plan Rows": 103,
                        "Plan Width": 10,
                        "Actual Startup Time": 0.002,
                        "Actual Total Time": 0.059,
                        "Actual Rows": 40,
                        "Actual Loops": 17360,
                        "Index Cond": "(flight_id = f.flight_id)",
                        "Rows Removed by Index Recheck": 0
                      }
                    ]
                  }
                ]
              }
            ]
          }
        ]
      },
      "Planning Time": 0.433,
      "Triggers": [
      ],
      "JIT": {
        "Functions": 16,
        "Options": {
          "Inlining": false,
          "Optimization": false,
          "Expressions": true,
          "Deforming": true
        },
        "Timing": {
          "Generation": 0.382,
          "Inlining": 0.000,
          "Optimization": 0.275,
          "Emission": 6.086,
          "Total": 6.744
        }
      },
      "Execution Time": 26779.798
    }
  ]