[
    {
      "Plan": {
        "Node Type": "Aggregate",
        "Strategy": "Sorted",
        "Partial Mode": "Simple",
        "Parallel Aware": false,
        "Async Capable": false,
        "Startup Cost": 1458252.97,
        "Total Cost": 1531138.34,
        "Plan Rows": 3688,
        "Plan Width": 39,
        "Actual Startup Time": 4681.821,
        "Actual Total Time": 27887.905,
        "Actual Rows": 1199,
        "Actual Loops": 1,
        "Group Key": ["f.aircraft_code", "s.seat_no"],
        "Plans": [
          {
            "Node Type": "Merge Join",
            "Parent Relationship": "Outer",
            "Parallel Aware": false,
            "Async Capable": false,
            "Join Type": "Inner",
            "Startup Cost": 1458252.97,
            "Total Cost": 1506828.29,
            "Plan Rows": 3235193,
            "Plan Width": 13,
            "Actual Startup Time": 4674.174,
            "Actual Total Time": 19603.403,
            "Actual Rows": 110338099,
            "Actual Loops": 1,
            "Inner Unique": false,
            "Merge Cond": "(s.aircraft_code = f.aircraft_code)",
            "Plans": [
              {
                "Node Type": "Index Only Scan",
                "Parent Relationship": "Outer",
                "Parallel Aware": false,
                "Async Capable": false,
                "Scan Direction": "Forward",
                "Index Name": "seats_pkey",
                "Relation Name": "seats",
                "Alias": "s",
                "Startup Cost": 0.28,
                "Total Cost": 44.36,
                "Plan Rows": 1339,
                "Plan Width": 7,
                "Actual Startup Time": 0.011,
                "Actual Total Time": 1.271,
                "Actual Rows": 1339,
                "Actual Loops": 1,
                "Heap Fetches": 0
              },
              {
                "Node Type": "Sort",
                "Parent Relationship": "Inner",
                "Parallel Aware": false,
                "Async Capable": false,
                "Startup Cost": 1458252.69,
                "Total Cost": 1458357.54,
                "Plan Rows": 41942,
                "Plan Width": 10,
                "Actual Startup Time": 4584.273,
                "Actual Total Time": 10416.360,
                "Actual Rows": 110338003,
                "Actual Loops": 1,
                "Sort Key": ["f.aircraft_code"],
                "Sort Method": "external sort",
                "Sort Space Used": 16704,
                "Sort Space Type": "Disk",
                "Plans": [
                  {
                    "Node Type": "Merge Join",
                    "Parent Relationship": "Outer",
                    "Parallel Aware": false,
                    "Async Capable": false,
                    "Join Type": "Inner",
                    "Startup Cost": 1412660.40,
                    "Total Cost": 1455032.36,
                    "Plan Rows": 41942,
                    "Plan Width": 10,
                    "Actual Startup Time": 3578.137,
                    "Actual Total Time": 4433.764,
                    "Actual Rows": 700759,
                    "Actual Loops": 1,
                    "Inner Unique": false,
                    "Merge Cond": "(f.flight_id = tf.flight_id)",
                    "Plans": [
                      {
                        "Node Type": "Sort",
                        "Parent Relationship": "Outer",
                        "Parallel Aware": false,
                        "Async Capable": false,
                        "Startup Cost": 6989.41,
                        "Total Cost": 6992.09,
                        "Plan Rows": 1074,
                        "Plan Width": 8,
                        "Actual Startup Time": 25.673,
                        "Actual Total Time": 26.488,
                        "Actual Rows": 17360,
                        "Actual Loops": 1,
                        "Sort Key": ["f.flight_id"],
                        "Sort Method": "quicksort",
                        "Sort Space Used": 1582,
                        "Sort Space Type": "Memory",
                        "Plans": [
                          {
                            "Node Type": "Seq Scan",
                            "Parent Relationship": "Outer",
                            "Parallel Aware": false,
                            "Async Capable": false,
                            "Relation Name": "flights",
                            "Alias": "f",
                            "Startup Cost": 0.00,
                            "Total Cost": 6935.34,
                            "Plan Rows": 1074,
                            "Plan Width": 8,
                            "Actual Startup Time": 0.045,
                            "Actual Total Time": 24.273,
                            "Actual Rows": 17360,
                            "Actual Loops": 1,
                            "Filter": "((date(scheduled_departure) >= '2017-01-26'::date) AND (date(scheduled_departure) <= '2017-02-26'::date))",
                            "Rows Removed by Filter": 197507
                          }
                        ]
                      },
                      {
                        "Node Type": "Sort",
                        "Parent Relationship": "Inner",
                        "Parallel Aware": false,
                        "Async Capable": false,
                        "Startup Cost": 1405666.80,
                        "Total Cost": 1426644.58,
                        "Plan Rows": 8391110,
                        "Plan Width": 10,
                        "Actual Startup Time": 3552.391,
                        "Actual Total Time": 4055.111,
                        "Actual Rows": 8391457,
                        "Actual Loops": 1,
                        "Sort Key": ["tf.flight_id"],
                        "Sort Method": "external sort",
                        "Sort Space Used": 213568,
                        "Sort Space Type": "Disk",
                        "Plans": [
                          {
                            "Node Type": "Seq Scan",
                            "Parent Relationship": "Outer",
                            "Parallel Aware": false,
                            "Async Capable": false,
                            "Relation Name": "ticket_flights",
                            "Alias": "tf",
                            "Startup Cost": 0.00,
                            "Total Cost": 153860.10,
                            "Plan Rows": 8391110,
                            "Plan Width": 10,
                            "Actual Startup Time": 0.070,
                            "Actual Total Time": 574.663,
                            "Actual Rows": 8391852,
                            "Actual Loops": 1
                          }
                        ]
                      }
                    ]
                  }
                ]
              }
            ]
          }
        ]
      },
      "Planning Time": 0.197,
      "Triggers": [
      ],
      "JIT": {
        "Functions": 21,
        "Options": {
          "Inlining": true,
          "Optimization": true,
          "Expressions": true,
          "Deforming": true
        },
        "Timing": {
          "Generation": 0.681,
          "Inlining": 5.244,
          "Optimization": 51.889,
          "Emission": 32.780,
          "Total": 90.594
        }
      },
      "Execution Time": 27906.612
    }
  ]