[
  {
    "Plan": {
      "Node Type": "Aggregate",
      "Strategy": "Sorted",
      "Partial Mode": "Simple",
      "Parallel Aware": false,
      "Async Capable": false,
      "Startup Cost": 1458298.58,
      "Total Cost": 1530436.59,
      "Plan Rows": 3688,
      "Plan Width": 39,
      "Actual Startup Time": 9618.626,
      "Actual Total Time": 55662.118,
      "Actual Rows": 1199,
      "Actual Loops": 1,
      "Group Key": ["f.aircraft_code", "s.seat_no"],
      "Plans": [
        {
          "Node Type": "Merge Join",
          "Parent Relationship": "Outer",
          "Parallel Aware": false,
          "Async Capable": false,
          "Join Type": "Inner",
          "Startup Cost": 1458298.58,
          "Total Cost": 1506375.66,
          "Plan Rows": 3201977,
          "Plan Width": 13,
          "Actual Startup Time": 9603.033,
          "Actual Total Time": 39534.080,
          "Actual Rows": 110338099,
          "Actual Loops": 1,
          "Inner Unique": false,
          "Merge Cond": "(s.aircraft_code = f.aircraft_code)",
          "Plans": [
            {
              "Node Type": "Index Only Scan",
              "Parent Relationship": "Outer",
              "Parallel Aware": false,
              "Async Capable": false,
              "Scan Direction": "Forward",
              "Index Name": "seats_pkey",
              "Relation Name": "seats",
              "Alias": "s",
              "Startup Cost": 0.28,
              "Total Cost": 44.36,
              "Plan Rows": 1339,
              "Plan Width": 7,
              "Actual Startup Time": 0.030,
              "Actual Total Time": 1.663,
              "Actual Rows": 1339,
              "Actual Loops": 1,
              "Heap Fetches": 0
            },
            {
              "Node Type": "Sort",
              "Parent Relationship": "Inner",
              "Parallel Aware": false,
              "Async Capable": false,
              "Startup Cost": 1458298.30,
              "Total Cost": 1458403.16,
              "Plan Rows": 41944,
              "Plan Width": 10,
              "Actual Startup Time": 9418.709,
              "Actual Total Time": 21344.729,
              "Actual Rows": 110338003,
              "Actual Loops": 1,
              "Sort Key": ["f.aircraft_code"],
              "Sort Method": "external sort",
              "Sort Space Used": 16704,
              "Sort Space Type": "Disk",
              "Plans": [
                {
                  "Node Type": "Merge Join",
                  "Parent Relationship": "Outer",
                  "Parallel Aware": false,
                  "Async Capable": false,
                  "Join Type": "Inner",
                  "Startup Cost": 1412704.42,
                  "Total Cost": 1455077.80,
                  "Plan Rows": 41944,
                  "Plan Width": 10,
                  "Actual Startup Time": 7358.023,
                  "Actual Total Time": 9110.495,
                  "Actual Rows": 700759,
                  "Actual Loops": 1,
                  "Inner Unique": false,
                  "Merge Cond": "(f.flight_id = tf.flight_id)",
                  "Plans": [
                    {
                      "Node Type": "Sort",
                      "Parent Relationship": "Outer",
                      "Parallel Aware": false,
                      "Async Capable": false,
                      "Startup Cost": 6989.41,
                      "Total Cost": 6992.09,
                      "Plan Rows": 1074,
                      "Plan Width": 8,
                      "Actual Startup Time": 52.600,
                      "Actual Total Time": 53.394,
                      "Actual Rows": 17360,
                      "Actual Loops": 1,
                      "Sort Key": ["f.flight_id"],
                      "Sort Method": "quicksort",
                      "Sort Space Used": 1582,
                      "Sort Space Type": "Memory",
                      "Plans": [
                        {
                          "Node Type": "Seq Scan",
                          "Parent Relationship": "Outer",
                          "Parallel Aware": false,
                          "Async Capable": false,
                          "Relation Name": "flights",
                          "Alias": "f",
                          "Startup Cost": 0.00,
                          "Total Cost": 6935.34,
                          "Plan Rows": 1074,
                          "Plan Width": 8,
                          "Actual Startup Time": 0.036,
                          "Actual Total Time": 50.708,
                          "Actual Rows": 17360,
                          "Actual Loops": 1,
                          "Filter": "((date(scheduled_departure) >= '2017-01-26'::date) AND (date(scheduled_departure) <= '2017-02-26'::date))",
                          "Rows Removed by Filter": 197507
                        }
                      ]
                    },
                    {
                      "Node Type": "Sort",
                      "Parent Relationship": "Inner",
                      "Parallel Aware": false,
                      "Async Capable": false,
                      "Startup Cost": 1405710.82,
                      "Total Cost": 1426689.30,
                      "Plan Rows": 8391390,
                      "Plan Width": 10,
                      "Actual Startup Time": 7305.341,
                      "Actual Total Time": 8370.065,
                      "Actual Rows": 8391457,
                      "Actual Loops": 1,
                      "Sort Key": ["tf.flight_id"],
                      "Sort Method": "external sort",
                      "Sort Space Used": 213568,
                      "Sort Space Type": "Disk",
                      "Plans": [
                        {
                          "Node Type": "Seq Scan",
                          "Parent Relationship": "Outer",
                          "Parallel Aware": false,
                          "Async Capable": false,
                          "Relation Name": "ticket_flights",
                          "Alias": "tf",
                          "Startup Cost": 0.00,
                          "Total Cost": 153862.90,
                          "Plan Rows": 8391390,
                          "Plan Width": 10,
                          "Actual Startup Time": 0.025,
                          "Actual Total Time": 1183.539,
                          "Actual Rows": 8391852,
                          "Actual Loops": 1
                        }
                      ]
                    }
                  ]
                }
              ]
            }
          ]
        }
      ]
    },
    "Planning Time": 0.175,
    "Triggers": [
    ],
    "JIT": {
      "Functions": 21,
      "Options": {
        "Inlining": true,
        "Optimization": true,
        "Expressions": true,
        "Deforming": true
      },
      "Timing": {
        "Generation": 0.695,
        "Inlining": 9.295,
        "Optimization": 104.498,
        "Emission": 70.541,
        "Total": 185.029
      }
    },
    "Execution Time": 55708.937
  }
]