[
    {
      "Plan": {
        "Node Type": "Sort",
        "Parallel Aware": false,
        "Async Capable": false,
        "Startup Cost": 5808571.65,
        "Total Cost": 5809108.81,
        "Plan Rows": 214867,
        "Plan Width": 52,
        "Actual Startup Time": 10125.515,
        "Actual Total Time": 10125.835,
        "Actual Rows": 3064,
        "Actual Loops": 1,
        "Sort Key": ["(sum(tf.amount)) DESC", "(count(DISTINCT bp.ticket_no)) DESC"],
        "Sort Method": "quicksort",
        "Sort Space Used": 336,
        "Sort Space Type": "Memory",
        "Plans": [
          {
            "Node Type": "Aggregate",
            "Strategy": "Sorted",
            "Partial Mode": "Simple",
            "Parent Relationship": "Outer",
            "Parallel Aware": false,
            "Async Capable": false,
            "Startup Cost": 1803650.48,
            "Total Cost": 5782195.36,
            "Plan Rows": 214867,
            "Plan Width": 52,
            "Actual Startup Time": 5331.337,
            "Actual Total Time": 10123.836,
            "Actual Rows": 3064,
            "Actual Loops": 1,
            "Group Key": ["f.flight_id"],
            "Plans": [
              {
                "Node Type": "Nested Loop",
                "Parent Relationship": "Outer",
                "Parallel Aware": false,
                "Async Capable": false,
                "Join Type": "Inner",
                "Startup Cost": 1803650.48,
                "Total Cost": 5646477.68,
                "Plan Rows": 17737579,
                "Plan Width": 32,
                "Actual Startup Time": 5326.433,
                "Actual Total Time": 9175.370,
                "Actual Rows": 1153637,
                "Actual Loops": 1,
                "Inner Unique": false,
                "Join Filter": "(t.ticket_no = tf.ticket_no)",
                "Rows Removed by Join Filter": 0,
                "Plans": [
                  {
                    "Node Type": "Merge Join",
                    "Parent Relationship": "Outer",
                    "Parallel Aware": false,
                    "Async Capable": false,
                    "Join Type": "Inner",
                    "Startup Cost": 1803650.05,
                    "Total Cost": 1906466.26,
                    "Plan Rows": 6234703,
                    "Plan Width": 40,
                    "Actual Startup Time": 5326.373,
                    "Actual Total Time": 6160.815,
                    "Actual Rows": 383994,
                    "Actual Loops": 1,
                    "Inner Unique": false,
                    "Merge Cond": "(f.flight_id = bp.flight_id)",
                    "Plans": [
                      {
                        "Node Type": "Sort",
                        "Parent Relationship": "Outer",
                        "Parallel Aware": false,
                        "Async Capable": false,
                        "Startup Cost": 43997.30,
                        "Total Cost": 44419.87,
                        "Plan Rows": 169028,
                        "Plan Width": 12,
                        "Actual Startup Time": 219.715,
                        "Actual Total Time": 220.958,
                        "Actual Rows": 3258,
                        "Actual Loops": 1,
                        "Sort Key": ["f.flight_id"],
                        "Sort Method": "quicksort",
                        "Sort Space Used": 249,
                        "Sort Space Type": "Memory",
                        "Plans": [
                          {
                            "Node Type": "Merge Join",
                            "Parent Relationship": "Outer",
                            "Parallel Aware": false,
                            "Async Capable": false,
                            "Join Type": "Inner",
                            "Startup Cost": 24019.68,
                            "Total Cost": 26428.84,
                            "Plan Rows": 169028,
                            "Plan Width": 12,
                            "Actual Startup Time": 215.906,
                            "Actual Total Time": 219.285,
                            "Actual Rows": 3258,
                            "Actual Loops": 1,
                            "Inner Unique": true,
                            "Merge Cond": "((date(f.scheduled_departure)) = arrived_high_count.scheduled_departure_date)",
                            "Plans": [
                              {
                                "Node Type": "Sort",
                                "Parent Relationship": "Outer",
                                "Parallel Aware": false,
                                "Async Capable": false,
                                "Startup Cost": 18045.66,
                                "Total Cost": 18284.40,
                                "Plan Rows": 95496,
                                "Plan Width": 12,
                                "Actual Startup Time": 196.236,
                                "Actual Total Time": 198.329,
                                "Actual Rows": 25689,
                                "Actual Loops": 1,
                                "Sort Key": ["(date(f.scheduled_departure))"],
                                "Sort Method": "quicksort",
                                "Sort Space Used": 2970,
                                "Sort Space Type": "Memory",
                                "Plans": [
                                  {
                                    "Node Type": "Nested Loop",
                                    "Parent Relationship": "Outer",
                                    "Parallel Aware": false,
                                    "Async Capable": false,
                                    "Join Type": "Inner",
                                    "Startup Cost": 282.44,
                                    "Total Cost": 10146.63,
                                    "Plan Rows": 95496,
                                    "Plan Width": 12,
                                    "Actual Startup Time": 186.611,
                                    "Actual Total Time": 193.023,
                                    "Actual Rows": 28175,
                                    "Actual Loops": 1,
                                    "Inner Unique": false,
                                    "Plans": [
                                      {
                                        "Node Type": "Seq Scan",
                                        "Parent Relationship": "Outer",
                                        "Parallel Aware": false,
                                        "Async Capable": false,
                                        "Relation Name": "aircrafts_data",
                                        "Alias": "ad",
                                        "Startup Cost": 0.00,
                                        "Total Cost": 1.14,
                                        "Plan Rows": 4,
                                        "Plan Width": 4,
                                        "Actual Startup Time": 186.479,
                                        "Actual Total Time": 186.484,
                                        "Actual Rows": 4,
                                        "Actual Loops": 1,
                                        "Filter": "(aircraft_code = ANY ('{773,763,733,319}'::bpchar[]))",
                                        "Rows Removed by Filter": 5
                                      },
                                      {
                                        "Node Type": "Bitmap Heap Scan",
                                        "Parent Relationship": "Inner",
                                        "Parallel Aware": false,
                                        "Async Capable": false,
                                        "Relation Name": "flights",
                                        "Alias": "f",
                                        "Startup Cost": 282.44,
                                        "Total Cost": 2267.79,
                                        "Plan Rows": 26858,
                                        "Plan Width": 16,
                                        "Actual Startup Time": 0.116,
                                        "Actual Total Time": 0.807,
                                        "Actual Rows": 7044,
                                        "Actual Loops": 4,
                                        "Recheck Cond": "(aircraft_code = ad.aircraft_code)",
                                        "Rows Removed by Index Recheck": 0,
                                        "Exact Heap Blocks": 447,
                                        "Lossy Heap Blocks": 0,
                                        "Plans": [
                                          {
                                            "Node Type": "Bitmap Index Scan",
                                            "Parent Relationship": "Outer",
                                            "Parallel Aware": false,
                                            "Async Capable": false,
                                            "Index Name": "q2_f_ac",
                                            "Startup Cost": 0.00,
                                            "Total Cost": 275.73,
                                            "Plan Rows": 26858,
                                            "Plan Width": 0,
                                            "Actual Startup Time": 0.102,
                                            "Actual Total Time": 0.102,
                                            "Actual Rows": 7044,
                                            "Actual Loops": 4,
                                            "Index Cond": "(aircraft_code = ad.aircraft_code)"
                                          }
                                        ]
                                      }
                                    ]
                                  }
                                ]
                              },
                              {
                                "Node Type": "Sort",
                                "Parent Relationship": "Inner",
                                "Parallel Aware": false,
                                "Async Capable": false,
                                "Startup Cost": 5974.02,
                                "Total Cost": 5974.91,
                                "Plan Rows": 354,
                                "Plan Width": 4,
                                "Actual Startup Time": 19.620,
                                "Actual Total Time": 19.625,
                                "Actual Rows": 45,
                                "Actual Loops": 1,
                                "Sort Key": ["arrived_high_count.scheduled_departure_date"],
                                "Sort Method": "quicksort",
                                "Sort Space Used": 27,
                                "Sort Space Type": "Memory",
                                "Plans": [
                                  {
                                    "Node Type": "Subquery Scan",
                                    "Parent Relationship": "Outer",
                                    "Parallel Aware": false,
                                    "Async Capable": false,
                                    "Alias": "arrived_high_count",
                                    "Startup Cost": 5954.61,
                                    "Total Cost": 5959.04,
                                    "Plan Rows": 354,
                                    "Plan Width": 4,
                                    "Actual Startup Time": 19.604,
                                    "Actual Total Time": 19.611,
                                    "Actual Rows": 45,
                                    "Actual Loops": 1,
                                    "Plans": [
                                      {
                                        "Node Type": "Sort",
                                        "Parent Relationship": "Subquery",
                                        "Parallel Aware": false,
                                        "Async Capable": false,
                                        "Startup Cost": 5954.61,
                                        "Total Cost": 5955.50,
                                        "Plan Rows": 354,
                                        "Plan Width": 12,
                                        "Actual Startup Time": 19.600,
                                        "Actual Total Time": 19.603,
                                        "Actual Rows": 45,
                                        "Actual Loops": 1,
                                        "Sort Key": ["(count(DISTINCT f2.flight_id)) DESC"],
                                        "Sort Method": "quicksort",
                                        "Sort Space Used": 27,
                                        "Sort Space Type": "Memory",
                                        "Plans": [
                                          {
                                            "Node Type": "Aggregate",
                                            "Strategy": "Sorted",
                                            "Partial Mode": "Simple",
                                            "Parent Relationship": "Outer",
                                            "Parallel Aware": false,
                                            "Async Capable": false,
                                            "Startup Cost": 5917.46,
                                            "Total Cost": 5939.62,
                                            "Plan Rows": 354,
                                            "Plan Width": 12,
                                            "Actual Startup Time": 18.100,
                                            "Actual Total Time": 19.591,
                                            "Actual Rows": 45,
                                            "Actual Loops": 1,
                                            "Group Key": ["(date(f2.scheduled_departure))"],
                                            "Filter": "(count(DISTINCT f2.flight_id) >= 30)",
                                            "Rows Removed by Filter": 321,
                                            "Plans": [
                                              {
                                                "Node Type": "Sort",
                                                "Parent Relationship": "Outer",
                                                "Parallel Aware": false,
                                                "Async Capable": false,
                                                "Startup Cost": 5917.46,
                                                "Total Cost": 5920.13,
                                                "Plan Rows": 1069,
                                                "Plan Width": 8,
                                                "Actual Startup Time": 18.053,
                                                "Actual Total Time": 18.531,
                                                "Actual Rows": 8757,
                                                "Actual Loops": 1,
                                                "Sort Key": ["(date(f2.scheduled_departure))"],
                                                "Sort Method": "quicksort",
                                                "Sort Space Used": 795,
                                                "Sort Space Type": "Memory",
                                                "Plans": [
                                                  {
                                                    "Node Type": "Seq Scan",
                                                    "Parent Relationship": "Outer",
                                                    "Parallel Aware": false,
                                                    "Async Capable": false,
                                                    "Relation Name": "flights",
                                                    "Alias": "f2",
                                                    "Startup Cost": 0.00,
                                                    "Total Cost": 5863.68,
                                                    "Plan Rows": 1069,
                                                    "Plan Width": 8,
                                                    "Actual Startup Time": 0.024,
                                                    "Actual Total Time": 17.037,
                                                    "Actual Rows": 8757,
                                                    "Actual Loops": 1,
                                                    "Filter": "(((status)::text = ANY ('{Arrived,Scheduled}'::text[])) AND (scheduled_departure = actual_departure))",
                                                    "Rows Removed by Filter": 206110
                                                  }
                                                ]
                                              }
                                            ]
                                          }
                                        ]
                                      }
                                    ]
                                  }
                                ]
                              }
                            ]
                          }
                        ]
                      },
                      {
                        "Node Type": "Sort",
                        "Parent Relationship": "Inner",
                        "Parallel Aware": false,
                        "Async Capable": false,
                        "Startup Cost": 1759649.80,
                        "Total Cost": 1779463.47,
                        "Plan Rows": 7925470,
                        "Plan Width": 32,
                        "Actual Startup Time": 5099.283,
                        "Actual Total Time": 5615.787,
                        "Actual Rows": 7854216,
                        "Actual Loops": 1,
                        "Sort Key": ["bp.flight_id"],
                        "Sort Method": "external sort",
                        "Sort Space Used": 372320,
                        "Sort Space Type": "Disk",
                        "Plans": [
                          {
                            "Node Type": "Merge Join",
                            "Parent Relationship": "Outer",
                            "Parallel Aware": false,
                            "Async Capable": false,
                            "Join Type": "Inner",
                            "Startup Cost": 0.99,
                            "Total Cost": 472214.61,
                            "Plan Rows": 7925470,
                            "Plan Width": 32,
                            "Actual Startup Time": 0.032,
                            "Actual Total Time": 2118.510,
                            "Actual Rows": 7925812,
                            "Actual Loops": 1,
                            "Inner Unique": true,
                            "Merge Cond": "(bp.ticket_no = t.ticket_no)",
                            "Plans": [
                              {
                                "Node Type": "Index Only Scan",
                                "Parent Relationship": "Outer",
                                "Parallel Aware": false,
                                "Async Capable": false,
                                "Scan Direction": "Forward",
                                "Index Name": "boarding_passes_pkey",
                                "Relation Name": "boarding_passes",
                                "Alias": "bp",
                                "Startup Cost": 0.56,
                                "Total Cost": 276046.61,
                                "Plan Rows": 7925470,
                                "Plan Width": 18,
                                "Actual Startup Time": 0.016,
                                "Actual Total Time": 554.942,
                                "Actual Rows": 7925812,
                                "Actual Loops": 1,
                                "Heap Fetches": 4
                              },
                              {
                                "Node Type": "Index Only Scan",
                                "Parent Relationship": "Inner",
                                "Parallel Aware": false,
                                "Async Capable": false,
                                "Scan Direction": "Forward",
                                "Index Name": "tickets_pkey",
                                "Relation Name": "tickets",
                                "Alias": "t",
                                "Startup Cost": 0.43,
                                "Total Cost": 89725.06,
                                "Plan Rows": 2949842,
                                "Plan Width": 14,
                                "Actual Startup Time": 0.008,
                                "Actual Total Time": 190.801,
                                "Actual Rows": 2949468,
                                "Actual Loops": 1,
                                "Heap Fetches": 356
                              }
                            ]
                          }
                        ]
                      }
                    ]
                  },
                  {
                    "Node Type": "Index Scan",
                    "Parent Relationship": "Inner",
                    "Parallel Aware": false,
                    "Async Capable": false,
                    "Scan Direction": "Forward",
                    "Index Name": "q2_tf_tno",
                    "Relation Name": "ticket_flights",
                    "Alias": "tf",
                    "Startup Cost": 0.43,
                    "Total Cost": 0.55,
                    "Plan Rows": 4,
                    "Plan Width": 20,
                    "Actual Startup Time": 0.005,
                    "Actual Total Time": 0.007,
                    "Actual Rows": 3,
                    "Actual Loops": 383994,
                    "Index Cond": "(ticket_no = bp.ticket_no)",
                    "Rows Removed by Index Recheck": 0
                  }
                ]
              }
            ]
          }
        ]
      },
      "Planning Time": 0.831,
      "Triggers": [
      ],
      "JIT": {
        "Functions": 45,
        "Options": {
          "Inlining": true,
          "Optimization": true,
          "Expressions": true,
          "Deforming": true
        },
        "Timing": {
          "Generation": 1.107,
          "Inlining": 8.167,
          "Optimization": 106.184,
          "Emission": 72.192,
          "Total": 187.650
        }
      },
      "Execution Time": 10160.267
    }
  ]