[
    {
      "Plan": {
        "Node Type": "Sort",
        "Parallel Aware": false,
        "Async Capable": false,
        "Startup Cost": 6049228.85,
        "Total Cost": 6049766.02,
        "Plan Rows": 214867,
        "Plan Width": 52,
        "Actual Startup Time": 32902.026,
        "Actual Total Time": 32902.335,
        "Actual Rows": 3064,
        "Actual Loops": 1,
        "Sort Key": ["(sum(tf.amount)) DESC", "(count(DISTINCT bp.ticket_no)) DESC"],
        "Sort Method": "quicksort",
        "Sort Space Used": 336,
        "Sort Space Type": "Memory",
        "Plans": [
          {
            "Node Type": "Aggregate",
            "Strategy": "Sorted",
            "Partial Mode": "Simple",
            "Parent Relationship": "Outer",
            "Parallel Aware": false,
            "Async Capable": false,
            "Startup Cost": 5596163.89,
            "Total Cost": 6022852.57,
            "Plan Rows": 214867,
            "Plan Width": 52,
            "Actual Startup Time": 29134.988,
            "Actual Total Time": 32900.845,
            "Actual Rows": 3064,
            "Actual Loops": 1,
            "Group Key": ["f.flight_id"],
            "Plans": [
              {
                "Node Type": "Merge Join",
                "Parent Relationship": "Outer",
                "Parallel Aware": false,
                "Async Capable": false,
                "Join Type": "Inner",
                "Startup Cost": 5596163.89,
                "Total Cost": 5887128.30,
                "Plan Rows": 17738457,
                "Plan Width": 32,
                "Actual Startup Time": 29133.527,
                "Actual Total Time": 31883.988,
                "Actual Rows": 1153637,
                "Actual Loops": 1,
                "Inner Unique": false,
                "Merge Cond": "(f.flight_id = bp.flight_id)",
                "Plans": [
                  {
                    "Node Type": "Sort",
                    "Parent Relationship": "Outer",
                    "Parallel Aware": false,
                    "Async Capable": false,
                    "Startup Cost": 52130.07,
                    "Total Cost": 52552.64,
                    "Plan Rows": 169028,
                    "Plan Width": 12,
                    "Actual Startup Time": 272.055,
                    "Actual Total Time": 272.874,
                    "Actual Rows": 3258,
                    "Actual Loops": 1,
                    "Sort Key": ["f.flight_id"],
                    "Sort Method": "quicksort",
                    "Sort Space Used": 249,
                    "Sort Space Type": "Memory",
                    "Plans": [
                      {
                        "Node Type": "Merge Join",
                        "Parent Relationship": "Outer",
                        "Parallel Aware": false,
                        "Async Capable": false,
                        "Join Type": "Inner",
                        "Startup Cost": 32152.45,
                        "Total Cost": 34561.61,
                        "Plan Rows": 169028,
                        "Plan Width": 12,
                        "Actual Startup Time": 267.525,
                        "Actual Total Time": 271.585,
                        "Actual Rows": 3258,
                        "Actual Loops": 1,
                        "Inner Unique": true,
                        "Merge Cond": "((date(f.scheduled_departure)) = arrived_high_count.scheduled_departure_date)",
                        "Plans": [
                          {
                            "Node Type": "Sort",
                            "Parent Relationship": "Outer",
                            "Parallel Aware": false,
                            "Async Capable": false,
                            "Startup Cost": 26178.43,
                            "Total Cost": 26417.17,
                            "Plan Rows": 95496,
                            "Plan Width": 12,
                            "Actual Startup Time": 237.466,
                            "Actual Total Time": 240.169,
                            "Actual Rows": 25689,
                            "Actual Loops": 1,
                            "Sort Key": ["(date(f.scheduled_departure))"],
                            "Sort Method": "quicksort",
                            "Sort Space Used": 2970,
                            "Sort Space Type": "Memory",
                            "Plans": [
                              {
                                "Node Type": "Nested Loop",
                                "Parent Relationship": "Outer",
                                "Parallel Aware": false,
                                "Async Capable": false,
                                "Join Type": "Inner",
                                "Startup Cost": 2315.64,
                                "Total Cost": 18279.40,
                                "Plan Rows": 95496,
                                "Plan Width": 12,
                                "Actual Startup Time": 203.088,
                                "Actual Total Time": 234.116,
                                "Actual Rows": 28175,
                                "Actual Loops": 1,
                                "Inner Unique": false,
                                "Plans": [
                                  {
                                    "Node Type": "Seq Scan",
                                    "Parent Relationship": "Outer",
                                    "Parallel Aware": false,
                                    "Async Capable": false,
                                    "Relation Name": "aircrafts_data",
                                    "Alias": "ad",
                                    "Startup Cost": 0.00,
                                    "Total Cost": 1.14,
                                    "Plan Rows": 4,
                                    "Plan Width": 4,
                                    "Actual Startup Time": 199.075,
                                    "Actual Total Time": 199.083,
                                    "Actual Rows": 4,
                                    "Actual Loops": 1,
                                    "Filter": "(aircraft_code = ANY ('{773,763,733,319}'::bpchar[]))",
                                    "Rows Removed by Filter": 5
                                  },
                                  {
                                    "Node Type": "Bitmap Heap Scan",
                                    "Parent Relationship": "Inner",
                                    "Parallel Aware": false,
                                    "Async Capable": false,
                                    "Relation Name": "flights",
                                    "Alias": "f",
                                    "Startup Cost": 2315.64,
                                    "Total Cost": 4300.99,
                                    "Plan Rows": 26858,
                                    "Plan Width": 16,
                                    "Actual Startup Time": 2.970,
                                    "Actual Total Time": 7.924,
                                    "Actual Rows": 7044,
                                    "Actual Loops": 4,
                                    "Recheck Cond": "(aircraft_code = ad.aircraft_code)",
                                    "Rows Removed by Index Recheck": 0,
                                    "Exact Heap Blocks": 447,
                                    "Lossy Heap Blocks": 0,
                                    "Plans": [
                                      {
                                        "Node Type": "Bitmap Index Scan",
                                        "Parent Relationship": "Outer",
                                        "Parallel Aware": false,
                                        "Async Capable": false,
                                        "Index Name": "q4_sd_ac",
                                        "Startup Cost": 0.00,
                                        "Total Cost": 2308.92,
                                        "Plan Rows": 26858,
                                        "Plan Width": 0,
                                        "Actual Startup Time": 2.919,
                                        "Actual Total Time": 2.920,
                                        "Actual Rows": 7044,
                                        "Actual Loops": 4,
                                        "Index Cond": "(aircraft_code = ad.aircraft_code)"
                                      }
                                    ]
                                  }
                                ]
                              }
                            ]
                          },
                          {
                            "Node Type": "Sort",
                            "Parent Relationship": "Inner",
                            "Parallel Aware": false,
                            "Async Capable": false,
                            "Startup Cost": 5974.02,
                            "Total Cost": 5974.91,
                            "Plan Rows": 354,
                            "Plan Width": 4,
                            "Actual Startup Time": 29.991,
                            "Actual Total Time": 29.996,
                            "Actual Rows": 45,
                            "Actual Loops": 1,
                            "Sort Key": ["arrived_high_count.scheduled_departure_date"],
                            "Sort Method": "quicksort",
                            "Sort Space Used": 27,
                            "Sort Space Type": "Memory",
                            "Plans": [
                              {
                                "Node Type": "Subquery Scan",
                                "Parent Relationship": "Outer",
                                "Parallel Aware": false,
                                "Async Capable": false,
                                "Alias": "arrived_high_count",
                                "Startup Cost": 5954.61,
                                "Total Cost": 5959.04,
                                "Plan Rows": 354,
                                "Plan Width": 4,
                                "Actual Startup Time": 29.975,
                                "Actual Total Time": 29.982,
                                "Actual Rows": 45,
                                "Actual Loops": 1,
                                "Plans": [
                                  {
                                    "Node Type": "Sort",
                                    "Parent Relationship": "Subquery",
                                    "Parallel Aware": false,
                                    "Async Capable": false,
                                    "Startup Cost": 5954.61,
                                    "Total Cost": 5955.50,
                                    "Plan Rows": 354,
                                    "Plan Width": 12,
                                    "Actual Startup Time": 29.971,
                                    "Actual Total Time": 29.974,
                                    "Actual Rows": 45,
                                    "Actual Loops": 1,
                                    "Sort Key": ["(count(DISTINCT f2.flight_id)) DESC"],
                                    "Sort Method": "quicksort",
                                    "Sort Space Used": 27,
                                    "Sort Space Type": "Memory",
                                    "Plans": [
                                      {
                                        "Node Type": "Aggregate",
                                        "Strategy": "Sorted",
                                        "Partial Mode": "Simple",
                                        "Parent Relationship": "Outer",
                                        "Parallel Aware": false,
                                        "Async Capable": false,
                                        "Startup Cost": 5917.46,
                                        "Total Cost": 5939.62,
                                        "Plan Rows": 354,
                                        "Plan Width": 12,
                                        "Actual Startup Time": 28.461,
                                        "Actual Total Time": 29.962,
                                        "Actual Rows": 45,
                                        "Actual Loops": 1,
                                        "Group Key": ["(date(f2.scheduled_departure))"],
                                        "Filter": "(count(DISTINCT f2.flight_id) >= 30)",
                                        "Rows Removed by Filter": 321,
                                        "Plans": [
                                          {
                                            "Node Type": "Sort",
                                            "Parent Relationship": "Outer",
                                            "Parallel Aware": false,
                                            "Async Capable": false,
                                            "Startup Cost": 5917.46,
                                            "Total Cost": 5920.13,
                                            "Plan Rows": 1069,
                                            "Plan Width": 8,
                                            "Actual Startup Time": 28.400,
                                            "Actual Total Time": 28.878,
                                            "Actual Rows": 8757,
                                            "Actual Loops": 1,
                                            "Sort Key": ["(date(f2.scheduled_departure))"],
                                            "Sort Method": "quicksort",
                                            "Sort Space Used": 795,
                                            "Sort Space Type": "Memory",
                                            "Plans": [
                                              {
                                                "Node Type": "Seq Scan",
                                                "Parent Relationship": "Outer",
                                                "Parallel Aware": false,
                                                "Async Capable": false,
                                                "Relation Name": "flights",
                                                "Alias": "f2",
                                                "Startup Cost": 0.00,
                                                "Total Cost": 5863.68,
                                                "Plan Rows": 1069,
                                                "Plan Width": 8,
                                                "Actual Startup Time": 0.160,
                                                "Actual Total Time": 27.292,
                                                "Actual Rows": 8757,
                                                "Actual Loops": 1,
                                                "Filter": "(((status)::text = ANY ('{Arrived,Scheduled}'::text[])) AND (scheduled_departure = actual_departure))",
                                                "Rows Removed by Filter": 206110
                                              }
                                            ]
                                          }
                                        ]
                                      }
                                    ]
                                  }
                                ]
                              }
                            ]
                          }
                        ]
                      }
                    ]
                  },
                  {
                    "Node Type": "Sort",
                    "Parent Relationship": "Inner",
                    "Parallel Aware": false,
                    "Async Capable": false,
                    "Startup Cost": 5544025.36,
                    "Total Cost": 5600397.58,
                    "Plan Rows": 22548885,
                    "Plan Width": 24,
                    "Actual Startup Time": 28834.532,
                    "Actual Total Time": 30550.887,
                    "Actual Rows": 26019865,
                    "Actual Loops": 1,
                    "Sort Key": ["bp.flight_id"],
                    "Sort Method": "external sort",
                    "Sort Space Used": 1033624,
                    "Sort Space Type": "Disk",
                    "Plans": [
                      {
                        "Node Type": "Merge Join",
                        "Parent Relationship": "Outer",
                        "Parallel Aware": false,
                        "Async Capable": false,
                        "Join Type": "Inner",
                        "Startup Cost": 1.58,
                        "Total Cost": 1402776.22,
                        "Plan Rows": 22548885,
                        "Plan Width": 24,
                        "Actual Startup Time": 0.056,
                        "Actual Total Time": 16782.026,
                        "Actual Rows": 26251894,
                        "Actual Loops": 1,
                        "Inner Unique": false,
                        "Merge Cond": "(tf.ticket_no = t.ticket_no)",
                        "Plans": [
                          {
                            "Node Type": "Index Scan",
                            "Parent Relationship": "Outer",
                            "Parallel Aware": false,
                            "Async Capable": false,
                            "Scan Direction": "Forward",
                            "Index Name": "ticket_flights_pkey",
                            "Relation Name": "ticket_flights",
                            "Alias": "tf",
                            "Startup Cost": 0.56,
                            "Total Cost": 571340.17,
                            "Plan Rows": 8392481,
                            "Plan Width": 20,
                            "Actual Startup Time": 0.014,
                            "Actual Total Time": 8645.808,
                            "Actual Rows": 8390315,
                            "Actual Loops": 1
                          },
                          {
                            "Node Type": "Materialize",
                            "Parent Relationship": "Inner",
                            "Parallel Aware": false,
                            "Async Capable": false,
                            "Startup Cost": 1.02,
                            "Total Cost": 492035.91,
                            "Plan Rows": 7925734,
                            "Plan Width": 32,
                            "Actual Startup Time": 0.033,
                            "Actual Total Time": 4084.240,
                            "Actual Rows": 26251891,
                            "Actual Loops": 1,
                            "Plans": [
                              {
                                "Node Type": "Merge Join",
                                "Parent Relationship": "Outer",
                                "Parallel Aware": false,
                                "Async Capable": false,
                                "Join Type": "Inner",
                                "Startup Cost": 1.02,
                                "Total Cost": 472221.57,
                                "Plan Rows": 7925734,
                                "Plan Width": 32,
                                "Actual Startup Time": 0.031,
                                "Actual Total Time": 2356.789,
                                "Actual Rows": 7925812,
                                "Actual Loops": 1,
                                "Inner Unique": true,
                                "Merge Cond": "(bp.ticket_no = t.ticket_no)",
                                "Plans": [
                                  {
                                    "Node Type": "Index Only Scan",
                                    "Parent Relationship": "Outer",
                                    "Parallel Aware": false,
                                    "Async Capable": false,
                                    "Scan Direction": "Forward",
                                    "Index Name": "boarding_passes_pkey",
                                    "Relation Name": "boarding_passes",
                                    "Alias": "bp",
                                    "Startup Cost": 0.56,
                                    "Total Cost": 276050.57,
                                    "Plan Rows": 7925734,
                                    "Plan Width": 18,
                                    "Actual Startup Time": 0.012,
                                    "Actual Total Time": 632.366,
                                    "Actual Rows": 7925812,
                                    "Actual Loops": 1,
                                    "Heap Fetches": 4
                                  },
                                  {
                                    "Node Type": "Index Only Scan",
                                    "Parent Relationship": "Inner",
                                    "Parallel Aware": false,
                                    "Async Capable": false,
                                    "Scan Direction": "Forward",
                                    "Index Name": "tickets_pkey",
                                    "Relation Name": "tickets",
                                    "Alias": "t",
                                    "Startup Cost": 0.43,
                                    "Total Cost": 89725.67,
                                    "Plan Rows": 2949883,
                                    "Plan Width": 14,
                                    "Actual Startup Time": 0.010,
                                    "Actual Total Time": 229.330,
                                    "Actual Rows": 2949468,
                                    "Actual Loops": 1,
                                    "Heap Fetches": 356
                                  }
                                ]
                              }
                            ]
                          }
                        ]
                      }
                    ]
                  }
                ]
              }
            ]
          }
        ]
      },
      "Planning Time": 0.903,
      "Triggers": [
      ],
      "JIT": {
        "Functions": 45,
        "Options": {
          "Inlining": true,
          "Optimization": true,
          "Expressions": true,
          "Deforming": true
        },
        "Timing": {
          "Generation": 1.153,
          "Inlining": 8.523,
          "Optimization": 114.338,
          "Emission": 76.303,
          "Total": 200.317
        }
      },
      "Execution Time": 32982.650
    }
  ]