[
    {
      "Plan": {
        "Node Type": "Sort",
        "Parallel Aware": false,
        "Async Capable": false,
        "Startup Cost": 6048466.63,
        "Total Cost": 6049003.80,
        "Plan Rows": 214867,
        "Plan Width": 52,
        "Actual Startup Time": 32420.986,
        "Actual Total Time": 32421.295,
        "Actual Rows": 3064,
        "Actual Loops": 1,
        "Sort Key": ["(sum(tf.amount)) DESC", "(count(DISTINCT bp.ticket_no)) DESC"],
        "Sort Method": "quicksort",
        "Sort Space Used": 336,
        "Sort Space Type": "Memory",
        "Plans": [
          {
            "Node Type": "Aggregate",
            "Strategy": "Sorted",
            "Partial Mode": "Simple",
            "Parent Relationship": "Outer",
            "Parallel Aware": false,
            "Async Capable": false,
            "Startup Cost": 5595454.76,
            "Total Cost": 6022090.34,
            "Plan Rows": 214867,
            "Plan Width": 52,
            "Actual Startup Time": 28628.929,
            "Actual Total Time": 32419.825,
            "Actual Rows": 3064,
            "Actual Loops": 1,
            "Group Key": ["f.flight_id"],
            "Plans": [
              {
                "Node Type": "Merge Join",
                "Parent Relationship": "Outer",
                "Parallel Aware": false,
                "Async Capable": false,
                "Join Type": "Inner",
                "Startup Cost": 5595454.76,
                "Total Cost": 5886385.58,
                "Plan Rows": 17735857,
                "Plan Width": 32,
                "Actual Startup Time": 28627.479,
                "Actual Total Time": 31357.797,
                "Actual Rows": 1153637,
                "Actual Loops": 1,
                "Inner Unique": false,
                "Merge Cond": "(f.flight_id = bp.flight_id)",
                "Plans": [
                  {
                    "Node Type": "Sort",
                    "Parent Relationship": "Outer",
                    "Parallel Aware": false,
                    "Async Capable": false,
                    "Startup Cost": 52130.07,
                    "Total Cost": 52552.64,
                    "Plan Rows": 169028,
                    "Plan Width": 12,
                    "Actual Startup Time": 248.858,
                    "Actual Total Time": 249.624,
                    "Actual Rows": 3258,
                    "Actual Loops": 1,
                    "Sort Key": ["f.flight_id"],
                    "Sort Method": "quicksort",
                    "Sort Space Used": 249,
                    "Sort Space Type": "Memory",
                    "Plans": [
                      {
                        "Node Type": "Merge Join",
                        "Parent Relationship": "Outer",
                        "Parallel Aware": false,
                        "Async Capable": false,
                        "Join Type": "Inner",
                        "Startup Cost": 32152.45,
                        "Total Cost": 34561.61,
                        "Plan Rows": 169028,
                        "Plan Width": 12,
                        "Actual Startup Time": 244.702,
                        "Actual Total Time": 248.411,
                        "Actual Rows": 3258,
                        "Actual Loops": 1,
                        "Inner Unique": true,
                        "Merge Cond": "((date(f.scheduled_departure)) = arrived_high_count.scheduled_departure_date)",
                        "Plans": [
                          {
                            "Node Type": "Sort",
                            "Parent Relationship": "Outer",
                            "Parallel Aware": false,
                            "Async Capable": false,
                            "Startup Cost": 26178.43,
                            "Total Cost": 26417.17,
                            "Plan Rows": 95496,
                            "Plan Width": 12,
                            "Actual Startup Time": 227.182,
                            "Actual Total Time": 229.502,
                            "Actual Rows": 25689,
                            "Actual Loops": 1,
                            "Sort Key": ["(date(f.scheduled_departure))"],
                            "Sort Method": "quicksort",
                            "Sort Space Used": 2970,
                            "Sort Space Type": "Memory",
                            "Plans": [
                              {
                                "Node Type": "Nested Loop",
                                "Parent Relationship": "Outer",
                                "Parallel Aware": false,
                                "Async Capable": false,
                                "Join Type": "Inner",
                                "Startup Cost": 2315.64,
                                "Total Cost": 18279.40,
                                "Plan Rows": 95496,
                                "Plan Width": 12,
                                "Actual Startup Time": 210.496,
                                "Actual Total Time": 224.125,
                                "Actual Rows": 28175,
                                "Actual Loops": 1,
                                "Inner Unique": false,
                                "Plans": [
                                  {
                                    "Node Type": "Seq Scan",
                                    "Parent Relationship": "Outer",
                                    "Parallel Aware": false,
                                    "Async Capable": false,
                                    "Relation Name": "aircrafts_data",
                                    "Alias": "ad",
                                    "Startup Cost": 0.00,
                                    "Total Cost": 1.14,
                                    "Plan Rows": 4,
                                    "Plan Width": 4,
                                    "Actual Startup Time": 202.293,
                                    "Actual Total Time": 202.299,
                                    "Actual Rows": 4,
                                    "Actual Loops": 1,
                                    "Filter": "(aircraft_code = ANY ('{773,763,733,319}'::bpchar[]))",
                                    "Rows Removed by Filter": 5
                                  },
                                  {
                                    "Node Type": "Bitmap Heap Scan",
                                    "Parent Relationship": "Inner",
                                    "Parallel Aware": false,
                                    "Async Capable": false,
                                    "Relation Name": "flights",
                                    "Alias": "f",
                                    "Startup Cost": 2315.64,
                                    "Total Cost": 4300.99,
                                    "Plan Rows": 26858,
                                    "Plan Width": 16,
                                    "Actual Startup Time": 4.109,
                                    "Actual Total Time": 4.612,
                                    "Actual Rows": 7044,
                                    "Actual Loops": 4,
                                    "Recheck Cond": "(aircraft_code = ad.aircraft_code)",
                                    "Rows Removed by Index Recheck": 0,
                                    "Exact Heap Blocks": 447,
                                    "Lossy Heap Blocks": 0,
                                    "Plans": [
                                      {
                                        "Node Type": "Bitmap Index Scan",
                                        "Parent Relationship": "Outer",
                                        "Parallel Aware": false,
                                        "Async Capable": false,
                                        "Index Name": "q4_sd_ac",
                                        "Startup Cost": 0.00,
                                        "Total Cost": 2308.92,
                                        "Plan Rows": 26858,
                                        "Plan Width": 0,
                                        "Actual Startup Time": 4.094,
                                        "Actual Total Time": 4.094,
                                        "Actual Rows": 7044,
                                        "Actual Loops": 4,
                                        "Index Cond": "(aircraft_code = ad.aircraft_code)"
                                      }
                                    ]
                                  }
                                ]
                              }
                            ]
                          },
                          {
                            "Node Type": "Sort",
                            "Parent Relationship": "Inner",
                            "Parallel Aware": false,
                            "Async Capable": false,
                            "Startup Cost": 5974.02,
                            "Total Cost": 5974.91,
                            "Plan Rows": 354,
                            "Plan Width": 4,
                            "Actual Startup Time": 17.463,
                            "Actual Total Time": 17.468,
                            "Actual Rows": 45,
                            "Actual Loops": 1,
                            "Sort Key": ["arrived_high_count.scheduled_departure_date"],
                            "Sort Method": "quicksort",
                            "Sort Space Used": 27,
                            "Sort Space Type": "Memory",
                            "Plans": [
                              {
                                "Node Type": "Subquery Scan",
                                "Parent Relationship": "Outer",
                                "Parallel Aware": false,
                                "Async Capable": false,
                                "Alias": "arrived_high_count",
                                "Startup Cost": 5954.61,
                                "Total Cost": 5959.04,
                                "Plan Rows": 354,
                                "Plan Width": 4,
                                "Actual Startup Time": 17.448,
                                "Actual Total Time": 17.455,
                                "Actual Rows": 45,
                                "Actual Loops": 1,
                                "Plans": [
                                  {
                                    "Node Type": "Sort",
                                    "Parent Relationship": "Subquery",
                                    "Parallel Aware": false,
                                    "Async Capable": false,
                                    "Startup Cost": 5954.61,
                                    "Total Cost": 5955.50,
                                    "Plan Rows": 354,
                                    "Plan Width": 12,
                                    "Actual Startup Time": 17.445,
                                    "Actual Total Time": 17.448,
                                    "Actual Rows": 45,
                                    "Actual Loops": 1,
                                    "Sort Key": ["(count(DISTINCT f2.flight_id)) DESC"],
                                    "Sort Method": "quicksort",
                                    "Sort Space Used": 27,
                                    "Sort Space Type": "Memory",
                                    "Plans": [
                                      {
                                        "Node Type": "Aggregate",
                                        "Strategy": "Sorted",
                                        "Partial Mode": "Simple",
                                        "Parent Relationship": "Outer",
                                        "Parallel Aware": false,
                                        "Async Capable": false,
                                        "Startup Cost": 5917.46,
                                        "Total Cost": 5939.62,
                                        "Plan Rows": 354,
                                        "Plan Width": 12,
                                        "Actual Startup Time": 16.043,
                                        "Actual Total Time": 17.437,
                                        "Actual Rows": 45,
                                        "Actual Loops": 1,
                                        "Group Key": ["(date(f2.scheduled_departure))"],
                                        "Filter": "(count(DISTINCT f2.flight_id) >= 30)",
                                        "Rows Removed by Filter": 321,
                                        "Plans": [
                                          {
                                            "Node Type": "Sort",
                                            "Parent Relationship": "Outer",
                                            "Parallel Aware": false,
                                            "Async Capable": false,
                                            "Startup Cost": 5917.46,
                                            "Total Cost": 5920.13,
                                            "Plan Rows": 1069,
                                            "Plan Width": 8,
                                            "Actual Startup Time": 15.998,
                                            "Actual Total Time": 16.398,
                                            "Actual Rows": 8757,
                                            "Actual Loops": 1,
                                            "Sort Key": ["(date(f2.scheduled_departure))"],
                                            "Sort Method": "quicksort",
                                            "Sort Space Used": 795,
                                            "Sort Space Type": "Memory",
                                            "Plans": [
                                              {
                                                "Node Type": "Seq Scan",
                                                "Parent Relationship": "Outer",
                                                "Parallel Aware": false,
                                                "Async Capable": false,
                                                "Relation Name": "flights",
                                                "Alias": "f2",
                                                "Startup Cost": 0.00,
                                                "Total Cost": 5863.68,
                                                "Plan Rows": 1069,
                                                "Plan Width": 8,
                                                "Actual Startup Time": 0.023,
                                                "Actual Total Time": 15.027,
                                                "Actual Rows": 8757,
                                                "Actual Loops": 1,
                                                "Filter": "(((status)::text = ANY ('{Arrived,Scheduled}'::text[])) AND (scheduled_departure = actual_departure))",
                                                "Rows Removed by Filter": 206110
                                              }
                                            ]
                                          }
                                        ]
                                      }
                                    ]
                                  }
                                ]
                              }
                            ]
                          }
                        ]
                      }
                    ]
                  },
                  {
                    "Node Type": "Sort",
                    "Parent Relationship": "Inner",
                    "Parallel Aware": false,
                    "Async Capable": false,
                    "Startup Cost": 5543324.66,
                    "Total Cost": 5599688.61,
                    "Plan Rows": 22545580,
                    "Plan Width": 24,
                    "Actual Startup Time": 28358.962,
                    "Actual Total Time": 30056.332,
                    "Actual Rows": 26019865,
                    "Actual Loops": 1,
                    "Sort Key": ["bp.flight_id"],
                    "Sort Method": "external sort",
                    "Sort Space Used": 1033624,
                    "Sort Space Type": "Disk",
                    "Plans": [
                      {
                        "Node Type": "Merge Join",
                        "Parent Relationship": "Outer",
                        "Parallel Aware": false,
                        "Async Capable": false,
                        "Join Type": "Inner",
                        "Startup Cost": 1.65,
                        "Total Cost": 1402702.50,
                        "Plan Rows": 22545580,
                        "Plan Width": 24,
                        "Actual Startup Time": 0.048,
                        "Actual Total Time": 16517.894,
                        "Actual Rows": 26251894,
                        "Actual Loops": 1,
                        "Inner Unique": false,
                        "Merge Cond": "(tf.ticket_no = t.ticket_no)",
                        "Plans": [
                          {
                            "Node Type": "Index Scan",
                            "Parent Relationship": "Outer",
                            "Parallel Aware": false,
                            "Async Capable": false,
                            "Scan Direction": "Forward",
                            "Index Name": "ticket_flights_pkey",
                            "Relation Name": "ticket_flights",
                            "Alias": "tf",
                            "Startup Cost": 0.56,
                            "Total Cost": 571310.01,
                            "Plan Rows": 8392201,
                            "Plan Width": 20,
                            "Actual Startup Time": 0.011,
                            "Actual Total Time": 8381.227,
                            "Actual Rows": 8390315,
                            "Actual Loops": 1
                          },
                          {
                            "Node Type": "Materialize",
                            "Parent Relationship": "Inner",
                            "Parallel Aware": false,
                            "Async Capable": false,
                            "Startup Cost": 1.02,
                            "Total Cost": 492042.77,
                            "Plan Rows": 7925734,
                            "Plan Width": 32,
                            "Actual Startup Time": 0.027,
                            "Actual Total Time": 4089.041,
                            "Actual Rows": 26251891,
                            "Actual Loops": 1,
                            "Plans": [
                              {
                                "Node Type": "Merge Join",
                                "Parent Relationship": "Outer",
                                "Parallel Aware": false,
                                "Async Capable": false,
                                "Join Type": "Inner",
                                "Startup Cost": 1.02,
                                "Total Cost": 472228.43,
                                "Plan Rows": 7925734,
                                "Plan Width": 32,
                                "Actual Startup Time": 0.025,
                                "Actual Total Time": 2351.897,
                                "Actual Rows": 7925812,
                                "Actual Loops": 1,
                                "Inner Unique": true,
                                "Merge Cond": "(bp.ticket_no = t.ticket_no)",
                                "Plans": [
                                  {
                                    "Node Type": "Index Only Scan",
                                    "Parent Relationship": "Outer",
                                    "Parallel Aware": false,
                                    "Async Capable": false,
                                    "Scan Direction": "Forward",
                                    "Index Name": "boarding_passes_pkey",
                                    "Relation Name": "boarding_passes",
                                    "Alias": "bp",
                                    "Startup Cost": 0.56,
                                    "Total Cost": 276050.56,
                                    "Plan Rows": 7925734,
                                    "Plan Width": 18,
                                    "Actual Startup Time": 0.010,
                                    "Actual Total Time": 608.385,
                                    "Actual Rows": 7925812,
                                    "Actual Loops": 1,
                                    "Heap Fetches": 4
                                  },
                                  {
                                    "Node Type": "Index Only Scan",
                                    "Parent Relationship": "Inner",
                                    "Parallel Aware": false,
                                    "Async Capable": false,
                                    "Scan Direction": "Forward",
                                    "Index Name": "tickets_pkey",
                                    "Relation Name": "tickets",
                                    "Alias": "t",
                                    "Startup Cost": 0.43,
                                    "Total Cost": 89730.68,
                                    "Plan Rows": 2950217,
                                    "Plan Width": 14,
                                    "Actual Startup Time": 0.008,
                                    "Actual Total Time": 224.553,
                                    "Actual Rows": 2949468,
                                    "Actual Loops": 1,
                                    "Heap Fetches": 356
                                  }
                                ]
                              }
                            ]
                          }
                        ]
                      }
                    ]
                  }
                ]
              }
            ]
          }
        ]
      },
      "Planning Time": 0.918,
      "Triggers": [
      ],
      "JIT": {
        "Functions": 45,
        "Options": {
          "Inlining": true,
          "Optimization": true,
          "Expressions": true,
          "Deforming": true
        },
        "Timing": {
          "Generation": 1.106,
          "Inlining": 8.067,
          "Optimization": 117.905,
          "Emission": 76.399,
          "Total": 203.477
        }
      },
      "Execution Time": 32509.264
    }
  ]