# QUERIES PRIMERA CONSULTA 

## EXPLAIN ANALIZE de la consulta original

Sort  (cost=482180.85..483154.00 rows=389260 width=62) (actual time=19889.509..20141.041 rows=3239758 loops=1)
  Sort Key: f.scheduled_departure DESC
  Sort Method: external merge  Disk: 246520kB
  ->  Nested Loop  (cost=1.42..431400.33 rows=389260 width=62) (actual time=10.032..18705.674 rows=3239758 loops=1)
        Join Filter: (t.ticket_no = tf.ticket_no)
        ->  Nested Loop  (cost=0.86..334746.30 rows=136849 width=70) (actual time=9.739..5986.972 rows=1111547 loops=1)
              ->  Nested Loop  (cost=0.43..269308.81 rows=136849 width=33) (actual time=9.311..879.321 rows=1111547 loops=1)
                    ->  Seq Scan on flights f  (cost=0.00..5309.84 rows=3710 width=16) (actual time=7.820..40.054 rows=3960 loops=1)
                          Filter: (aircraft_code = '773'::bpchar)
                          Rows Removed by Filter: 210907
                    ->  Index Scan using boarding_passes_flight_id_seat_no_key on boarding_passes bp  (cost=0.43..69.63 rows=153 width=25) (actual time=0.058..0.186 rows=281 loops=3960)
                          Index Cond: (flight_id = f.flight_id)
              ->  Index Scan using tickets_pkey on tickets t  (cost=0.43..0.48 rows=1 width=37) (actual time=0.004..0.004 rows=1 loops=1111547)
                    Index Cond: (ticket_no = bp.ticket_no)
        ->  Index Scan using ticket_flights_pkey on ticket_flights tf  (cost=0.56..0.67 rows=3 width=20) (actual time=0.006..0.011 rows=3 loops=1111547)
              Index Cond: (ticket_no = bp.ticket_no)
Planning Time: 6.398 ms
JIT:
  Functions: 20
  Options: Inlining false, Optimization false, Expressions true, Deforming true
  Timing: Generation 0.429 ms, Inlining 0.000 ms, Optimization 0.331 ms, Emission 7.325 ms, Total 8.085 ms
Execution Time: 20267.847 ms

## 1 IDEA mover el where al principio de la consulta para que ocurra un factor
de correccion de x valor y luego ocurran los joins 

EXPLAIN ANALYZE 
SELECT
f.aircraft_code,
f.scheduled_departure,
bp.boarding_no,
bp.seat_no,
t.passenger_name,
t.book_ref,
tf.ticket_no,
tf.amount
FROM (SELECT * FROM bookings.flights f WHERE
f.aircraft_code = '773') AS f
JOIN
boarding_passes bp ON bp.flight_id = f.flight_id
JOIN
tickets t ON t.ticket_no = bp.ticket_no
JOIN
ticket_flights tf ON tf.ticket_no = t.ticket_no
ORDER BY
f.scheduled_departure DESC;

Gather Merge  (cost=192880.50..230733.54 rows=324432 width=62) (actual time=16311.649..17019.712 rows=3239758 loops=1)
  Workers Planned: 2
  Workers Launched: 2
  ->  Sort  (cost=191880.48..192286.02 rows=162216 width=62) (actual time=16261.205..16345.677 rows=1079919 loops=3)
        Sort Key: f.scheduled_departure DESC
        Sort Method: external merge  Disk: 82480kB
        Worker 0:  Sort Method: external merge  Disk: 82104kB
        Worker 1:  Sort Method: external merge  Disk: 82072kB
        ->  Nested Loop  (cost=4232.17..171742.16 rows=162216 width=62) (actual time=48.298..15282.031 rows=1079919 loops=3)
              Join Filter: (t.ticket_no = tf.ticket_no)
              ->  Nested Loop  (cost=4231.61..131469.29 rows=57021 width=70) (actual time=48.257..5768.732 rows=370516 loops=3)
                    ->  Parallel Hash Join  (cost=4231.18..104203.42 rows=57021 width=33) (actual time=48.179..1128.649 rows=370516 loops=3)
                          Hash Cond: (bp.flight_id = f.flight_id)
                          ->  Parallel Seq Scan on boarding_passes bp  (cost=0.00..91303.22 rows=3302422 width=25) (actual time=0.028..477.868 rows=2641937 loops=3)
                          ->  Parallel Hash  (cost=4203.90..4203.90 rows=2182 width=16) (actual time=35.443..35.445 rows=1320 loops=3)
                                Buckets: 4096  Batches: 1  Memory Usage: 256kB
                                ->  Parallel Seq Scan on flights f  (cost=0.00..4203.90 rows=2182 width=16) (actual time=13.160..29.418 rows=1320 loops=3)
                                      Filter: (aircraft_code = '773'::bpchar)
                                      Rows Removed by Filter: 70302
                    ->  Index Scan using tickets_pkey on tickets t  (cost=0.43..0.48 rows=1 width=37) (actual time=0.012..0.012 rows=1 loops=1111547)
                          Index Cond: (ticket_no = bp.ticket_no)
              ->  Index Scan using ticket_flights_pkey on ticket_flights tf  (cost=0.56..0.67 rows=3 width=20) (actual time=0.015..0.024 rows=3 loops=1111547)
                    Index Cond: (ticket_no = bp.ticket_no)
Planning Time: 0.732 ms
JIT:
  Functions: 75
  Options: Inlining false, Optimization false, Expressions true, Deforming true
  Timing: Generation 2.250 ms, Inlining 0.000 ms, Optimization 1.293 ms, Emission 64.238 ms, Total 67.781 ms
Execution Time: 17122.477 ms


## 2 con index en la tabla tickets con el campo ticket_no tipo hash

Gather Merge  (cost=168330.36..206183.41 rows=324432 width=62) (actual time=15410.887..16138.313 rows=3239758 loops=1)
  Workers Planned: 2
  Workers Launched: 2
  ->  Sort  (cost=167330.34..167735.88 rows=162216 width=62) (actual time=15377.109..15466.818 rows=1079919 loops=3)
        Sort Key: f.scheduled_departure DESC
        Sort Method: external merge  Disk: 82176kB
        Worker 0:  Sort Method: external merge  Disk: 82728kB
        Worker 1:  Sort Method: external merge  Disk: 81760kB
        ->  Nested Loop  (cost=4231.74..147192.03 rows=162216 width=62) (actual time=50.551..14333.320 rows=1079919 loops=3)
              Join Filter: (t.ticket_no = tf.ticket_no)
              ->  Nested Loop  (cost=4231.18..106919.15 rows=57021 width=70) (actual time=50.496..3954.522 rows=370516 loops=3)
                    ->  Parallel Hash Join  (cost=4231.18..104203.42 rows=57021 width=33) (actual time=50.466..1114.994 rows=370516 loops=3)
                          Hash Cond: (bp.flight_id = f.flight_id)
                          ->  Parallel Seq Scan on boarding_passes bp  (cost=0.00..91303.22 rows=3302422 width=25) (actual time=0.026..467.883 rows=2641937 loops=3)
                          ->  Parallel Hash  (cost=4203.90..4203.90 rows=2182 width=16) (actual time=45.213..45.214 rows=1320 loops=3)
                                Buckets: 4096  Batches: 1  Memory Usage: 288kB
                                ->  Parallel Seq Scan on flights f  (cost=0.00..4203.90 rows=2182 width=16) (actual time=28.830..42.172 rows=1320 loops=3)
                                      Filter: (aircraft_code = '773'::bpchar)
                                      Rows Removed by Filter: 70302
                    ->  Index Scan using idx_ticket_no on tickets t  (cost=0.00..0.05 rows=1 width=37) (actual time=0.007..0.007 rows=1 loops=1111547)
                          Index Cond: (ticket_no = bp.ticket_no)
                          Rows Removed by Index Recheck: 0
              ->  Index Scan using ticket_flights_pkey on ticket_flights tf  (cost=0.56..0.67 rows=3 width=20) (actual time=0.016..0.026 rows=3 loops=1111547)
                    Index Cond: (ticket_no = bp.ticket_no)
Planning Time: 0.784 ms
JIT:
  Functions: 75
  Options: Inlining false, Optimization false, Expressions true, Deforming true
  Timing: Generation 2.176 ms, Inlining 0.000 ms, Optimization 1.137 ms, Emission 80.770 ms, Total 84.084 ms
Execution Time: 16242.642 ms

mejoro aprox 800 ms


## 3 Hash index on ticket_no de la tabla ticket flights 

Sort  (cost=405334.95..406308.12 rows=389269 width=62) (actual time=14931.946..15196.694 rows=3239758 loops=1)
  Sort Key: f.scheduled_departure DESC
  Sort Method: external merge  Disk: 246520kB
  ->  Nested Loop  (cost=0.86..354553.53 rows=389269 width=62) (actual time=7.581..13573.253 rows=3239758 loops=1)
        Join Filter: (t.ticket_no = tf.ticket_no)
        ->  Nested Loop  (cost=0.86..335145.56 rows=136853 width=70) (actual time=7.552..5016.332 rows=1111547 loops=1)
              ->  Nested Loop  (cost=0.43..269706.30 rows=136853 width=33) (actual time=7.533..345.901 rows=1111547 loops=1)
                    ->  Seq Scan on flights f  (cost=0.00..5309.84 rows=3710 width=16) (actual time=7.333..25.735 rows=3960 loops=1)
                          Filter: (aircraft_code = '773'::bpchar)
                          Rows Removed by Filter: 210907
                    ->  Index Scan using boarding_passes_flight_id_seat_no_key on boarding_passes bp  (cost=0.43..69.70 rows=157 width=25) (actual time=0.007..0.054 rows=281 loops=3960)
                          Index Cond: (flight_id = f.flight_id)
              ->  Index Scan using tickets_pkey on tickets t  (cost=0.43..0.48 rows=1 width=37) (actual time=0.004..0.004 rows=1 loops=1111547)
                    Index Cond: (ticket_no = bp.ticket_no)
        ->  Index Scan using idx_ticket_no on ticket_flights tf  (cost=0.00..0.10 rows=3 width=20) (actual time=0.004..0.007 rows=3 loops=1111547)
              Index Cond: (ticket_no = bp.ticket_no)
              Rows Removed by Index Recheck: 0
Planning Time: 0.717 ms
JIT:
  Functions: 20
  Options: Inlining false, Optimization false, Expressions true, Deforming true
  Timing: Generation 0.564 ms, Inlining 0.000 ms, Optimization 0.316 ms, Emission 7.015 ms, Total 7.895 ms
Execution Time: 15314.884 ms

## 4 Hash index on aircraft_code de la tabla flights 
Sort  (cost=480114.49..481087.89 rows=389360 width=62) (actual time=14940.321..15196.292 rows=3239758 loops=1)
  Sort Key: f.scheduled_departure DESC
  Sort Method: external merge  Disk: 246520kB
  ->  Nested Loop  (cost=122.18..429320.46 rows=389360 width=62) (actual time=7.464..13780.689 rows=3239758 loops=1)
        Join Filter: (t.ticket_no = tf.ticket_no)
        ->  Nested Loop  (cost=121.62..332666.44 rows=136849 width=70) (actual time=7.431..4855.787 rows=1111547 loops=1)
              ->  Nested Loop  (cost=121.19..267228.95 rows=136849 width=33) (actual time=7.410..315.074 rows=1111547 loops=1)
                    ->  Bitmap Heap Scan on flights f  (cost=120.75..2926.65 rows=3710 width=16) (actual time=7.333..9.968 rows=3960 loops=1)
                          Recheck Cond: (aircraft_code = '773'::bpchar)
                          Heap Blocks: exact=57
                          ->  Bitmap Index Scan on q1_idx_aircraft_code  (cost=0.00..119.83 rows=3710 width=0) (actual time=0.075..0.076 rows=3960 loops=1)
                                Index Cond: (aircraft_code = '773'::bpchar)
                    ->  Index Scan using boarding_passes_flight_id_seat_no_key on boarding_passes bp  (cost=0.43..69.68 rows=156 width=25) (actual time=0.006..0.051 rows=281 loops=3960)
                          Index Cond: (flight_id = f.flight_id)
              ->  Index Scan using tickets_pkey on tickets t  (cost=0.43..0.48 rows=1 width=37) (actual time=0.004..0.004 rows=1 loops=1111547)
                    Index Cond: (ticket_no = bp.ticket_no)
        ->  Index Scan using ticket_flights_pkey on ticket_flights tf  (cost=0.56..0.67 rows=3 width=20) (actual time=0.005..0.008 rows=3 loops=1111547)
              Index Cond: (ticket_no = bp.ticket_no)
Planning Time: 0.760 ms
JIT:
  Functions: 20
  Options: Inlining false, Optimization false, Expressions true, Deforming true
  Timing: Generation 0.549 ms, Inlining 0.000 ms, Optimization 0.331 ms, Emission 6.927 ms, Total 7.807 ms
Execution Time: 15311.194 ms