# QUERIES CUARTA CONSULTA

## ORIGINAL
GroupAggregate  (cost=3201429.74..3881751.77 rows=240912 width=60) (actual time=47495.039..54556.344 rows=218156 loops=1)
  Group Key: tf.flight_id, tf.fare_conditions
  ->  Incremental Sort  (cost=3201429.74..3781889.94 rows=7748035 width=39) (actual time=47495.020..52971.250 rows=7920956 loops=1)
        Sort Key: tf.flight_id, tf.fare_conditions
        Presorted Key: tf.flight_id
        Full-sort Groups: 100380  Sort Method: quicksort  Average Memory: 30kB  Peak Memory: 30kB
        Pre-sorted Groups: 49901  Sort Method: quicksort  Average Memory: 32kB  Peak Memory: 32kB
        ->  Merge Join  (cost=3201427.37..3330136.98 rows=7748035 width=39) (actual time=47494.943..50190.098 rows=7920956 loops=1)
              Merge Cond: (f.flight_id = tf.flight_id)
              ->  Index Scan using flights_pkey on flights f  (cost=0.42..8781.68 rows=198380 width=4) (actual time=166.460..279.506 rows=198430 loops=1)
                    Filter: ((status)::text = 'Arrived'::text)
                    Rows Removed by Filter: 16437
              ->  Sort  (cost=3201422.76..3222402.66 rows=8391960 width=39) (actual time=47328.410..48440.555 rows=8391852 loops=1)
                    Sort Key: tf.flight_id
                    Sort Method: external sort  Disk: 438672kB
                    ->  Merge Join  (cost=1059298.98..1777382.17 rows=8391960 width=39) (actual time=20784.767..40468.205 rows=8391852 loops=1)
                          Merge Cond: (tf.ticket_no = t.ticket_no)
                          ->  Index Scan using ticket_flights_pkey on ticket_flights tf  (cost=0.56..571224.52 rows=8391960 width=32) (actual time=0.024..14796.214 rows=8391852 loops=1)
                          ->  Sort  (cost=1059298.42..1066673.38 rows=2949983 width=21) (actual time=20784.698..21554.457 rows=8391851 loops=1)
                                Sort Key: t.ticket_no
                                Sort Method: external sort  Disk: 101072kB
                                ->  Merge Join  (cost=516927.97..621287.19 rows=2949983 width=21) (actual time=5710.513..7440.553 rows=2949857 loops=1)
                                      Merge Cond: (b.book_ref = t.book_ref)
                                      ->  Index Only Scan using bookings_pkey on bookings b  (cost=0.43..54835.08 rows=2111110 width=7) (actual time=0.024..371.743 rows=2111110 loops=1)
                                            Heap Fetches: 0
                                      ->  Sort  (cost=516926.06..524301.02 rows=2949983 width=21) (actual time=5710.448..5981.407 rows=2949857 loops=1)
                                            Sort Key: t.book_ref
                                            Sort Method: external sort  Disk: 101072kB
                                            ->  Seq Scan on tickets t  (cost=0.00..78914.83 rows=2949983 width=21) (actual time=0.017..800.732 rows=2949857 loops=1)
Planning Time: 1.048 ms
JIT:
  Functions: 27
  Options: Inlining true, Optimization true, Expressions true, Deforming true
  Timing: Generation 0.722 ms, Inlining 36.628 ms, Optimization 78.778 ms, Emission 51.135 ms, Total 167.263 ms
Execution Time: 54697.346 ms


## VALOR DEL CUARTO QUERY CON DELAYED 

GroupAggregate  (cost=1527040.80..1569229.07 rows=1406 width=60) (actual time=3487.123..4344.690 rows=41 loops=1)
  Group Key: tf.flight_id, tf.fare_conditions
  ->  Incremental Sort  (cost=1527040.80..1569193.92 rows=1406 width=39) (actual time=3487.104..4344.431 rows=1428 loops=1)
        Sort Key: tf.flight_id, tf.fare_conditions
        Presorted Key: tf.flight_id
        Full-sort Groups: 18  Sort Method: quicksort  Average Memory: 30kB  Peak Memory: 30kB
        Pre-sorted Groups: 14  Sort Method: quicksort  Average Memory: 31kB  Peak Memory: 31kB
        ->  Nested Loop  (cost=1525837.00..1569111.95 rows=1406 width=39) (actual time=3479.487..4343.948 rows=1428 loops=1)
              ->  Nested Loop  (cost=1525836.57..1568471.72 rows=1406 width=39) (actual time=3479.458..4337.053 rows=1428 loops=1)
                    ->  Merge Join  (cost=1525836.14..1567801.80 rows=1406 width=32) (actual time=3479.348..4329.975 rows=1428 loops=1)
                          Merge Cond: (tf.flight_id = f.flight_id)
                          ->  Sort  (cost=1520521.18..1541501.08 rows=8391960 width=32) (actual time=3436.769..4018.221 rows=8310873 loops=1)
                                Sort Key: tf.flight_id
                                Sort Method: external merge  Disk: 348360kB
                                ->  Seq Scan on ticket_flights tf  (cost=0.00..153852.60 rows=8391960 width=32) (actual time=111.598..699.965 rows=8391852 loops=1)
                          ->  Sort  (cost=5310.77..5310.86 rows=36 width=4) (actual time=12.001..12.019 rows=41 loops=1)
                                Sort Key: f.flight_id
                                Sort Method: quicksort  Memory: 26kB
                                ->  Seq Scan on flights f  (cost=0.00..5309.84 rows=36 width=4) (actual time=0.046..11.981 rows=41 loops=1)
                                      Filter: ((status)::text = 'Delayed'::text)
                                      Rows Removed by Filter: 214826
                    ->  Index Scan using tickets_pkey on tickets t  (cost=0.43..0.48 rows=1 width=21) (actual time=0.005..0.005 rows=1 loops=1428)
                          Index Cond: (ticket_no = tf.ticket_no)
              ->  Index Only Scan using bookings_pkey on bookings b  (cost=0.43..0.46 rows=1 width=7) (actual time=0.005..0.005 rows=1 loops=1428)
                    Index Cond: (book_ref = t.book_ref)
                    Heap Fetches: 0
Planning Time: 0.491 ms
JIT:
  Functions: 25
  Options: Inlining true, Optimization true, Expressions true, Deforming true
  Timing: Generation 0.877 ms, Inlining 6.824 ms, Optimization 62.499 ms, Emission 42.321 ms, Total 112.521 ms
Execution Time: 4381.750 ms


# QUERY CON INDEX DE HASH EN BOOK_REEF EN TICKETS HASH

GroupAggregate  (cost=2970146.01..3650717.45 rows=239865 width=60) (actual time=27466.202..30884.445 rows=218156 loops=1)
  Group Key: tf.flight_id, tf.fare_conditions
  ->  Incremental Sort  (cost=2970146.01..3550827.20 rows=7751355 width=39) (actual time=27466.184..30097.829 rows=7920956 loops=1)
        Sort Key: tf.flight_id, tf.fare_conditions
        Presorted Key: tf.flight_id
        Full-sort Groups: 100380  Sort Method: quicksort  Average Memory: 30kB  Peak Memory: 30kB
        Pre-sorted Groups: 49901  Sort Method: quicksort  Average Memory: 32kB  Peak Memory: 32kB
        ->  Merge Join  (cost=2970143.64..3098880.68 rows=7751355 width=39) (actual time=27466.132..28721.873 rows=7920956 loops=1)
              Merge Cond: (f.flight_id = tf.flight_id)
              ->  Index Scan using flights_pkey on flights f  (cost=0.42..8776.32 rows=198465 width=4) (actual time=132.746..168.314 rows=198430 loops=1)
                    Filter: ((status)::text = 'Arrived'::text)
                    Rows Removed by Filter: 16437
              ->  Sort  (cost=2970139.03..2991118.93 rows=8391960 width=39) (actual time=27333.325..27854.532 rows=8391852 loops=1)
                    Sort Key: tf.flight_id
                    Sort Method: external sort  Disk: 438672kB
                    ->  Merge Join  (cost=827945.39..1546098.45 rows=8391960 width=39) (actual time=12178.698..23732.430 rows=8391852 loops=1)
                          Merge Cond: (tf.ticket_no = t.ticket_no)
                          ->  Index Scan using ticket_flights_pkey on ticket_flights tf  (cost=0.56..571294.33 rows=8391960 width=32) (actual time=0.023..8534.755 rows=8391852 loops=1)
                          ->  Sort  (cost=827944.82..835319.31 rows=2949795 width=21) (actual time=12178.623..12670.994 rows=8391851 loops=1)
                                Sort Key: t.ticket_no
                                Sort Method: external sort  Disk: 101072kB
                                ->  Nested Loop  (cost=0.00..389969.15 rows=2949795 width=21) (actual time=0.042..3735.552 rows=2949857 loops=1)
                                      ->  Seq Scan on bookings b  (cost=0.00..34558.10 rows=2111110 width=7) (actual time=0.019..122.044 rows=2111110 loops=1)
                                      ->  Index Scan using q4_t_book_ref_hash on tickets t  (cost=0.00..0.15 rows=2 width=21) (actual time=0.001..0.001 rows=1 loops=2111110)
                                            Index Cond: (book_ref = b.book_ref)
                                            Rows Removed by Index Recheck: 0
Planning Time: 0.584 ms
JIT:
  Functions: 26
  Options: Inlining true, Optimization true, Expressions true, Deforming true
  Timing: Generation 0.825 ms, Inlining 6.375 ms, Optimization 77.635 ms, Emission 48.793 ms, Total 133.629 ms
Execution Time: 30941.233 ms


# QUERY CON INDEX HASH EN TICKET_FLIGHTS EN TICKET_NO

GroupAggregate  (cost=2699399.24..3379664.23 rows=244425 width=60) (actual time=39103.100..42579.219 rows=218156 loops=1)
  Group Key: tf.flight_id, tf.fare_conditions
  ->  Incremental Sort  (cost=2699399.24..3279772.64 rows=7746902 width=39) (actual time=39103.083..41794.162 rows=7920956 loops=1)
        Sort Key: tf.flight_id, tf.fare_conditions
        Presorted Key: tf.flight_id
        Full-sort Groups: 100380  Sort Method: quicksort  Average Memory: 30kB  Peak Memory: 30kB
        Pre-sorted Groups: 49901  Sort Method: quicksort  Average Memory: 32kB  Peak Memory: 32kB
        ->  Merge Join  (cost=2699396.87..2828085.75 rows=7746902 width=39) (actual time=39103.030..40399.979 rows=7920956 loops=1)
              Merge Cond: (f.flight_id = tf.flight_id)
              ->  Index Scan using flights_pkey on flights f  (cost=0.42..8770.33 rows=198351 width=4) (actual time=124.523..160.122 rows=198430 loops=1)
                    Filter: ((status)::text = 'Arrived'::text)
                    Rows Removed by Filter: 16437
              ->  Sort  (cost=2699392.26..2720372.16 rows=8391960 width=39) (actual time=38978.447..39512.951 rows=8391852 loops=1)
                    Sort Key: tf.flight_id
                    Sort Method: external sort  Disk: 438656kB
                    ->  Nested Loop  (cost=516927.34..1275351.67 rows=8391960 width=39) (actual time=5111.275..33964.277 rows=8391852 loops=1)
                          ->  Merge Join  (cost=516927.34..621286.49 rows=2949978 width=21) (actual time=5111.233..6546.212 rows=2949857 loops=1)
                                Merge Cond: (b.book_ref = t.book_ref)
                                ->  Index Only Scan using bookings_pkey on bookings b  (cost=0.43..54835.08 rows=2111110 width=7) (actual time=0.024..209.202 rows=2111110 loops=1)
                                      Heap Fetches: 0
                                ->  Sort  (cost=516925.44..524300.38 rows=2949978 width=21) (actual time=5111.164..5366.032 rows=2949857 loops=1)
                                      Sort Key: t.book_ref
                                      Sort Method: external sort  Disk: 101072kB
                                      ->  Seq Scan on tickets t  (cost=0.00..78914.78 rows=2949978 width=21) (actual time=0.014..252.515 rows=2949857 loops=1)
                          ->  Index Scan using q4_tf_ticket_n_hash on ticket_flights tf  (cost=0.00..0.19 rows=3 width=32) (actual time=0.004..0.009 rows=3 loops=2949857)
                                Index Cond: (ticket_no = t.ticket_no)
                                Rows Removed by Index Recheck: 0
Planning Time: 0.570 ms
JIT:
  Functions: 25
  Options: Inlining true, Optimization true, Expressions true, Deforming true
  Timing: Generation 0.816 ms, Inlining 6.455 ms, Optimization 71.862 ms, Emission 46.259 ms, Total 125.392 ms
Execution Time: 42633.608 ms