# QUERIES QUINTA CONSULTA

## ORIGINAL
Sort  (cost=1353370.07..1353499.34 rows=51705 width=82) (actual time=15752.500..15772.986 rows=123734 loops=1)
  Sort Key: t.passenger_name
  Sort Method: external merge  Disk: 11896kB
  ->  Merge Join  (cost=1339627.23..1346847.58 rows=51705 width=82) (actual time=15366.422..15605.322 rows=123734 loops=1)
        Merge Cond: (tf.flight_id = f.flight_id)
        ->  Sort  (cost=1333773.77..1337105.24 rows=1332589 width=63) (actual time=15309.509..15474.577 rows=1614580 loops=1)
              Sort Key: tf.flight_id
              Sort Method: external merge  Disk: 125392kB
              ->  Nested Loop  (cost=650595.83..1098005.82 rows=1332589 width=63) (actual time=5119.639..14453.588 rows=1633873 loops=1)
                    ->  Merge Join  (cost=650595.27..672550.62 rows=531001 width=51) (actual time=5119.085..6767.700 rows=608229 loops=1)
                          Merge Cond: (t.book_ref = b.book_ref)
                          ->  Sort  (cost=557185.06..564559.08 rows=2949606 width=37) (actual time=4641.108..5726.374 rows=2949857 loops=1)
                                Sort Key: t.book_ref
                                Sort Method: external merge  Disk: 136064kB
                                ->  Seq Scan on tickets t  (cost=0.00..78911.06 rows=2949606 width=37) (actual time=168.144..759.019 rows=2949857 loops=1)
                          ->  Sort  (cost=93408.74..94358.86 rows=380051 width=21) (actual time=477.901..652.160 rows=383899 loops=1)
                                Sort Key: b.book_ref
                                Sort Method: external merge  Disk: 12064kB
                                ->  Seq Scan on bookings b  (cost=0.00..50391.43 rows=380051 width=21) (actual time=2.837..106.738 rows=383899 loops=1)
                                      Filter: ((book_date >= '2016-08-14 00:00:00-04'::timestamp with time zone) AND (book_date <= '2016-12-18 00:00:00-04'::timestamp with time zone) AND (total_amount > '50000'::numeric))
                                      Rows Removed by Filter: 1727211
                    ->  Index Scan using ticket_flights_pkey on ticket_flights tf  (cost=0.56..0.77 rows=3 width=26) (actual time=0.008..0.012 rows=3 loops=608229)
                          Index Cond: (ticket_no = t.ticket_no)
                          Filter: ((fare_conditions)::text = 'Economy'::text)
                          Rows Removed by Filter: 0
        ->  Sort  (cost=5852.80..5873.64 rows=8337 width=27) (actual time=39.767..40.054 rows=8263 loops=1)
              Sort Key: f.flight_id
              Sort Method: quicksort  Memory: 1030kB
              ->  Seq Scan on flights f  (cost=0.00..5309.84 rows=8337 width=27) (actual time=0.027..38.668 rows=8263 loops=1)
                    Filter: (aircraft_code = '733'::bpchar)
                    Rows Removed by Filter: 206604
Planning Time: 1.392 ms
JIT:
  Functions: 31
  Options: Inlining true, Optimization true, Expressions true, Deforming true
  Timing: Generation 1.060 ms, Inlining 6.735 ms, Optimization 97.337 ms, Emission 64.167 ms, Total 169.298 ms
Execution Time: 15806.982 ms



## 1 prueba con index de hash en tf de ticket_no 

Sort  (cost=1076640.80..1076778.14 rows=54935 width=82) (actual time=13870.858..13891.221 rows=123734 loops=1)
  Sort Key: t.passenger_name
  Sort Method: external merge  Disk: 11896kB
  ->  Merge Join  (cost=1062191.36..1069683.92 rows=54935 width=82) (actual time=13487.542..13724.641 rows=123734 loops=1)
        Merge Cond: (tf.flight_id = f.flight_id)
        ->  Sort  (cost=1056322.30..1059772.87 rows=1380229 width=63) (actual time=13454.980..13617.747 rows=1614580 loops=1)
              Sort Key: tf.flight_id
              Sort Method: external merge  Disk: 125392kB
              ->  Nested Loop  (cost=652322.08..811774.26 rows=1380229 width=63) (actual time=4838.327..12584.962 rows=1633873 loops=1)
                    ->  Merge Join  (cost=652322.08..674544.50 rows=550618 width=51) (actual time=4838.288..6512.069 rows=608229 loops=1)
                          Merge Cond: (t.book_ref = b.book_ref)
                          ->  Sort  (cost=557219.13..564593.55 rows=2949767 width=37) (actual time=4350.170..5451.221 rows=2949857 loops=1)
                                Sort Key: t.book_ref
                                Sort Method: external merge  Disk: 136064kB
                                ->  Seq Scan on tickets t  (cost=0.00..78912.67 rows=2949767 width=37) (actual time=168.981..437.674 rows=2949857 loops=1)
                          ->  Sort  (cost=95101.47..96086.65 rows=394070 width=21) (actual time=488.039..667.143 rows=383899 loops=1)
                                Sort Key: b.book_ref
                                Sort Method: external merge  Disk: 12064kB
                                ->  Seq Scan on bookings b  (cost=0.00..50391.43 rows=394070 width=21) (actual time=2.803..105.868 rows=383899 loops=1)
                                      Filter: ((book_date >= '2016-08-14 00:00:00-04'::timestamp with time zone) AND (book_date <= '2016-12-18 00:00:00-04'::timestamp with time zone) AND (total_amount > '50000'::numeric))
                                      Rows Removed by Filter: 1727211
                    ->  Index Scan using q5_tf_ticket_no on ticket_flights tf  (cost=0.00..0.22 rows=3 width=26) (actual time=0.005..0.010 rows=3 loops=608229)
                          Index Cond: (ticket_no = t.ticket_no)
                          Rows Removed by Index Recheck: 0
                          Filter: ((fare_conditions)::text = 'Economy'::text)
                          Rows Removed by Filter: 0
        ->  Sort  (cost=5868.37..5889.75 rows=8552 width=27) (actual time=15.666..15.957 rows=8263 loops=1)
              Sort Key: f.flight_id
              Sort Method: quicksort  Memory: 1030kB
              ->  Seq Scan on flights f  (cost=0.00..5309.84 rows=8552 width=27) (actual time=0.026..14.603 rows=8263 loops=1)
                    Filter: (aircraft_code = '733'::bpchar)
                    Rows Removed by Filter: 206604
Planning Time: 0.617 ms
JIT:
  Functions: 31
  Options: Inlining true, Optimization true, Expressions true, Deforming true
  Timing: Generation 1.105 ms, Inlining 6.020 ms, Optimization 97.999 ms, Emission 65.052 ms, Total 170.176 ms
Execution Time: 13925.683 ms


## 2 prueba con index b tree tf de flight_id y ticket_no

Sort  (cost=613686.20..613813.24 rows=50816 width=82) (actual time=6414.443..6435.747 rows=123734 loops=1)
  Sort Key: t.passenger_name
  Sort Method: external merge  Disk: 11896kB
  ->  Nested Loop  (cost=1.42..607281.67 rows=50816 width=82) (actual time=144.848..6251.637 rows=123734 loops=1)
        ->  Nested Loop  (cost=0.99..472338.00 rows=280498 width=68) (actual time=102.891..3274.030 rows=624673 loops=1)
              ->  Nested Loop  (cost=0.56..337592.98 rows=280498 width=45) (actual time=102.561..781.786 rows=624673 loops=1)
                    ->  Seq Scan on flights f  (cost=0.00..5309.84 rows=8151 width=27) (actual time=102.496..118.309 rows=8263 loops=1)
                          Filter: (aircraft_code = '733'::bpchar)
                          Rows Removed by Filter: 206604
                    ->  Index Scan using q5_tf_flight_id_ticket_no_b_tree on ticket_flights tf  (cost=0.56..39.87 rows=90 width=26) (actual time=0.003..0.074 rows=76 loops=8263)
                          Index Cond: (flight_id = f.flight_id)
                          Filter: ((fare_conditions)::text = 'Economy'::text)
                          Rows Removed by Filter: 8
              ->  Index Scan using tickets_pkey on tickets t  (cost=0.43..0.48 rows=1 width=37) (actual time=0.004..0.004 rows=1 loops=624673)
                    Index Cond: (ticket_no = tf.ticket_no)
        ->  Index Scan using bookings_pkey on bookings b  (cost=0.43..0.48 rows=1 width=21) (actual time=0.005..0.005 rows=0 loops=624673)
              Index Cond: (book_ref = t.book_ref)
              Filter: ((book_date >= '2016-08-14 00:00:00-04'::timestamp with time zone) AND (book_date <= '2016-12-18 00:00:00-04'::timestamp with time zone) AND (total_amount > '50000'::numeric))
              Rows Removed by Filter: 1
Planning Time: 0.686 ms
JIT:
  Functions: 22
  Options: Inlining true, Optimization true, Expressions true, Deforming true
  Timing: Generation 0.879 ms, Inlining 6.480 ms, Optimization 57.074 ms, Emission 38.950 ms, Total 103.382 ms
Execution Time: 6441.510 ms


