
## Información del  catalago sobre las tablas y sus attt

### Usando el query se obtuvo la data de las tablas en sus catalogos
SELECT schemaname,tablename, attname , avg_width FROM pg_stats WHERE schemaname = 'bookings' AND tablename = tablename;

### Usando el query se obtuvo la informacion de cada tabla y sus atributos uno a uno.
SELECT TRUNC(AVG(pg_column_size(airport_name)),2) 
  AS avg_attr_size
  FROM bookings.boarding_passes;

### Usando el query se obtuvo la informacion de cada tabla y el tipo de dato sus atributos.
  SELECT 
  column_name, 
  data_type 
FROM 
  information_schema.columns 
WHERE 
  table_schema = 'bookings' AND 
  table_name = 'tickets';







TABLA AIRPORTS_DATA
CARDINALIDAD (104)
|schemaname|tablename|attname|avg_width|
|----------|---------|-------|---------|
|bookings|airports_data|timezone|15| 
|bookings|airports_data|airport_code|4|
|bookings|airports_data|airport_name|61|
|bookings|airports_data|city|49|
|bookings|airports_data|coordinates|16| 

avg_timezone 15.4
avg_airport_code 4
avg_airport_name 61.62
avg_city 49.99
avg_coordinates 16

|column_name|data_type|
|-----------|---------|
|airport_code|character| NO SE TOMA PARA CARD DIST
|airport_name|jsonb| NO SE TOMA PARA CARD DIST
|city|jsonb| NO SE TOMA PARA CARD
|coordinates|point|NO SE PUEDE CARD DIST PORQUE SON COORD 2D
|timezone|text| NO SE TOMA PAR CARD DIST

----------------------------------------------------------------------------


TABLA BOARDING_PASSES
CARDINALIDAD (7 925 812)
|schemaname|tablename|attname|avg_width|
|----------|---------|-------|---------|
|bookings|boarding_passes|ticket_no|14|
|bookings|boarding_passes|flight_id|4|
|bookings|boarding_passes|boarding_no|4|
|bookings|boarding_passes|seat_no|3|

avg_ticket_no: 14
avg_flight_id: 4
avg_boarding_no: 4
avg_seat_no: 3.65

|column_name|data_type|
|-----------|---------|
|ticket_no|character| NO SE TOMA PARA CARDINALIDAD DISTINTA
|flight_id|integer| SI SE TOMA  
|boarding_no|integer| SI SE TOMA
|seat_no|character varying| NO SE TOMA PARA 

DISTRIBUCION DISTINTA
flight_id:
  Id un de los que mas aparece = 1 676 con 381 (0.0048%)
  Id un de los que menos aparece = 886 con 1 (0.0001%)

boarding_no: 
  Ticket que aparece menos = 381 con 2 (0.0002%)
  Ticket que aparece mas veces = 1 con 139 880 (1.76%)

----------------------------------------------------------------------------


TABLA BOOKINGS
CARDINALIDAD (2 111 110)
|schemaname|tablename|attname|avg_width|
|----------|---------|-------|---------|
|bookings|bookings|book_ref|7|
|bookings|bookings|book_date|8|
|bookings|bookings|total_amount|6|

avg_book_ref: 7
avg_book_date: 8
avg_total_amount: 6.91

|column_name|data_type|
|-----------|---------|
|book_ref|character| NO SE TOMA PARA CARD DISNT
|book_date|timestamp with time zone| NO SE TOMA PARA CARD DIST
|total_amount|numeric|

DISTRIBUCION DISTINTA 
total_amount:
  El monto mayor es un 1 308 700 que aparece 1 (0.00004%)
  El monto minimo es 3 400 que aparece 427 (0.02%)
  El promedio es 325 997 

book_date:
  Valor maximo en cuanto a fecha y hora es 2017-08-15 11:00:00.000 -0400 que aparece 7 (0.00033%)
  Valor minimo en cuanto a fecha y hora es 2016-07-20 14:16:00.000 -0400 que aparece 1 (0.00005%) 

----------------------------------------------------------------------------

TABLA FLIGHTS
CARDINALIDAD (214 857)
|schemaname|tablename|attname|avg_width|
|----------|---------|-------|---------|
|bookings|flights|flight_id|4|
|bookings|flights|flight_no|7|
|bookings|flights|scheduled_departure|8|
|bookings|flights|scheduled_arrival|8|
|bookings|flights|departure_airport|4|
|bookings|flights|arrival_airport|4|
|bookings|flights|status|8|
|bookings|flights|aircraft_code|4|
|bookings|flights|actual_departure|8|
|bookings|flights|actual_arrival|8|

avg_flight_id 4
avg_flight_no 7
avg_scheduled_departure 8
avg_scheduled_arrival 8
avg_departure_airport 4
avg_arrival_airport 4
avg_status 8.14
avg_aircraft_code 4
avg_actual_departure 8
avg_actual_arrival 8

|column_name|data_type|
|-----------|---------|
|flight_id|integer| NO SE TOMA PORQUE ES PK
|flight_no|character| NO SE TOMA 
|scheduled_departure|timestamp with time zone|
|scheduled_arrival|timestamp with time zone|
|departure_airport|character| NO SE TOMA
|arrival_airport|character| NO SE TOMA
|status|character varying| NO SE TOMA
|aircraft_code|character| NO SE TOMA 
|actual_departure|timestamp with time zone|
|actual_arrival|timestamp with time zone|

DISTRIBUCION DISTINTA:

scheduled_departure:
  Valor maximo 2017-09-14 13:55:00.000 -0400 que aparece 1 (0.0005%)
  Valor min 2016-08-14 19:45:00.000 -0400 que aparece 1 (0.0005%)

scheduled_arrival:
  Valor maximo 2017-09-14 21:55:00.000 -0400 que aparece 1 (0.0005%)
  Valor mim 2016-08-14 20:35:00.000 -0400 que aparece 1 (0.0005%)

actual_departure:
  Cardinalida distinta eliminando los nulos (198 519)
  Valor max 2017-08-15 10:56:00.000 -0400 que aparece 1 (0.0005%)
  Valor min 2016-08-14 19:46:00.000 -0400 que aparece 1 (0.0005%)

actual_arrival:
  Cardinalidad dist eliminando los nulos (198 461)
  Valor max 2017-08-15 11:00:00.000 -0400 que aparece 1 (0.0005%)
  Valor mim 2016-08-14 20:37:00.000 -0400 que aparece 1 (0.0005%)


----------------------------------------------------------------------------


TABLA SEATS
CARDINALIDAD (1 339)
|schemaname|tablename|attname|avg_width|
|----------|---------|-------|---------|
|bookings|seats|aircraft_code|4|
|bookings|seats|seat_no|3|
|bookings|seats|fare_conditions|8|

avg_aircraft_code: 4
avg_seat_no: 3.75
avg_fare_conditions: 8.11

|column_name|data_type|
|-----------|---------|
|aircraft_code|character| NO SE TOMA 
|seat_no|character varying| NO SE TOMA
|fare_conditions|character varying| NO SE TOMA

----------------------------------------------------------------------------


TABLA TICKET_FLIGHTS
CARDINALIDAD (8 391 952)
|schemaname|tablename|attname|avg_width|
|----------|---------|-------|---------|
|bookings|ticket_flights|ticket_no|14|
|bookings|ticket_flights|flight_id|4|
|bookings|ticket_flights|fare_conditions|8|
|bookings|ticket_flights|amount|6|

avg_ticket_no: 14
avg_flight_id: 4
avg_fare_conditions: 8.1
avg_amount: 6.31

|column_name|data_type|
|-----------|---------|
|ticket_no|character| NO SE TOMA
|flight_id|integer|
|fare_conditions|character varying| NO SE TOMA
|amount|numeric|

DISTRIBUCION DISTINTA:
flight_id:
  Id que mas aparece = 1 676 con 381 (0.00454%)
  Id uno de los que menos aparece = 886 con 1 (0.00001%)

amount:
  Valor max 203 300 que aparece 3 232 (0.0385%)
  Valor min 3 000 que aparece 58 859 (0.7%)
  El promedio es 36 2677.45

----------------------------------------------------------------------------


TABLA TICKETS
CARDINALIDAD (2 949 851)
|schemaname|tablename|attname|avg_width|
|----------|---------|-------|---------|
|bookings|tickets|ticket_no|14|
|bookings|tickets|book_ref|7|
|bookings|tickets|passenger_id|12|
|bookings|tickets|passenger_name|16|
|bookings|tickets|contact_data|55|

avg_ticket_no: 14
avg_book_ref: 7
avg_passenger_id: 12
avg_passenger_name: 16.12
avg_contact_data: 55.48

|column_name|data_type|
|-----------|---------|
|ticket_no|character| NO SE TOMA
|book_ref|character| NO SE TOMA 
|passenger_id|character varying| NO SE TOMA
|passenger_name|text| NO SE TOMA
|contact_data|jsonb| NO SE TOMA

----------------------------------------------------------------------------

FALTA aircrafts_data


## Query para obtener la distribución de valores en una columna de una tabla

SELECT DISTINCT(boarding_no), 
COUNT(*),
(SELECT COUNT(*) FROM bookings.boarding_passes bp ) AS cardinality, 
COUNT(*) * 1.0 / (SELECT COUNT(*) FROM bookings.boarding_passes bp ) * 100 AS percentage
FROM bookings.boarding_passes bp 
GROUP BY boarding_no 

## QUERY PARA OBTENER DISTRIBUCION DE COLUMNA EN UNA TABLA, MIN Y MAX VALOR BASADO EN COUNT

SELECT DISTINCT(boarding_no), 
COUNT(*),
(SELECT COUNT(*) FROM bookings.boarding_passes bp ) AS cardinality, 
COUNT(*) * 1.0 / (SELECT COUNT(*) FROM bookings.boarding_passes bp ) * 100 AS percentage
FROM bookings.boarding_passes bp 
GROUP BY boarding_no 
ORDER BY count ASC
LIMIT 1


4.1
## QUERIES PRIMERA CONSULTA 

EXPLAIN ANALIZE de la consulta original

Gather Merge  (cost=192880.50..230733.54 rows=324432 width=62) (actual time=16212.126..16929.085 rows=3239758 loops=1)
  Workers Planned: 2
  Workers Launched: 2
  ->  Sort  (cost=191880.48..192286.02 rows=162216 width=62) (actual time=16179.923..16265.465 rows=1079919 loops=3)
        Sort Key: f.scheduled_departure DESC
        Sort Method: external merge  Disk: 82160kB
        Worker 0:  Sort Method: external merge  Disk: 82392kB
        Worker 1:  Sort Method: external merge  Disk: 82128kB
        ->  Nested Loop  (cost=4232.17..171742.16 rows=162216 width=62) (actual time=48.882..15187.182 rows=1079919 loops=3)
              Join Filter: (t.ticket_no = tf.ticket_no)
              ->  Nested Loop  (cost=4231.61..131469.29 rows=57021 width=70) (actual time=48.851..5817.664 rows=370516 loops=3)
                    ->  Parallel Hash Join  (cost=4231.18..104203.42 rows=57021 width=33) (actual time=48.813..1124.621 rows=370516 loops=3)
                          Hash Cond: (bp.flight_id = f.flight_id)
                          ->  Parallel Seq Scan on boarding_passes bp  (cost=0.00..91303.22 rows=3302422 width=25) (actual time=0.024..490.781 rows=2641937 loops=3)
                          ->  Parallel Hash  (cost=4203.90..4203.90 rows=2182 width=16) (actual time=42.268..42.270 rows=1320 loops=3)
                                Buckets: 4096  Batches: 1  Memory Usage: 256kB
                                ->  Parallel Seq Scan on flights f  (cost=0.00..4203.90 rows=2182 width=16) (actual time=26.359..41.240 rows=1320 loops=3)
                                      Filter: (aircraft_code = '773'::bpchar)
                                      Rows Removed by Filter: 70302
                    ->  Index Scan using tickets_pkey on tickets t  (cost=0.43..0.48 rows=1 width=37) (actual time=0.012..0.012 rows=1 loops=1111547)
                          Index Cond: (ticket_no = bp.ticket_no)
              ->  Index Scan using ticket_flights_pkey on ticket_flights tf  (cost=0.56..0.67 rows=3 width=20) (actual time=0.014..0.024 rows=3 loops=1111547)
                    Index Cond: (ticket_no = bp.ticket_no)
Planning Time: 0.704 ms
JIT:
  Functions: 75
  Options: Inlining false, Optimization false, Expressions true, Deforming true
  Timing: Generation 2.226 ms, Inlining 0.000 ms, Optimization 1.132 ms, Emission 77.944 ms, Total 81.302 ms
Execution Time: 17032.142 ms

- 1 IDEA mover el where al principio de la consulta para que ocurra un factor
de correccion de x valor y luego ocurran los joins 

EXPLAIN ANALYZE 
SELECT
f.aircraft_code,
f.scheduled_departure,
bp.boarding_no,
bp.seat_no,
t.passenger_name,
t.book_ref,
tf.ticket_no,
tf.amount
FROM (SELECT * FROM bookings.flights f WHERE
f.aircraft_code = '773') AS f
JOIN
boarding_passes bp ON bp.flight_id = f.flight_id
JOIN
tickets t ON t.ticket_no = bp.ticket_no
JOIN
ticket_flights tf ON tf.ticket_no = t.ticket_no
ORDER BY
f.scheduled_departure DESC;

Gather Merge  (cost=192880.50..230733.54 rows=324432 width=62) (actual time=16311.649..17019.712 rows=3239758 loops=1)
  Workers Planned: 2
  Workers Launched: 2
  ->  Sort  (cost=191880.48..192286.02 rows=162216 width=62) (actual time=16261.205..16345.677 rows=1079919 loops=3)
        Sort Key: f.scheduled_departure DESC
        Sort Method: external merge  Disk: 82480kB
        Worker 0:  Sort Method: external merge  Disk: 82104kB
        Worker 1:  Sort Method: external merge  Disk: 82072kB
        ->  Nested Loop  (cost=4232.17..171742.16 rows=162216 width=62) (actual time=48.298..15282.031 rows=1079919 loops=3)
              Join Filter: (t.ticket_no = tf.ticket_no)
              ->  Nested Loop  (cost=4231.61..131469.29 rows=57021 width=70) (actual time=48.257..5768.732 rows=370516 loops=3)
                    ->  Parallel Hash Join  (cost=4231.18..104203.42 rows=57021 width=33) (actual time=48.179..1128.649 rows=370516 loops=3)
                          Hash Cond: (bp.flight_id = f.flight_id)
                          ->  Parallel Seq Scan on boarding_passes bp  (cost=0.00..91303.22 rows=3302422 width=25) (actual time=0.028..477.868 rows=2641937 loops=3)
                          ->  Parallel Hash  (cost=4203.90..4203.90 rows=2182 width=16) (actual time=35.443..35.445 rows=1320 loops=3)
                                Buckets: 4096  Batches: 1  Memory Usage: 256kB
                                ->  Parallel Seq Scan on flights f  (cost=0.00..4203.90 rows=2182 width=16) (actual time=13.160..29.418 rows=1320 loops=3)
                                      Filter: (aircraft_code = '773'::bpchar)
                                      Rows Removed by Filter: 70302
                    ->  Index Scan using tickets_pkey on tickets t  (cost=0.43..0.48 rows=1 width=37) (actual time=0.012..0.012 rows=1 loops=1111547)
                          Index Cond: (ticket_no = bp.ticket_no)
              ->  Index Scan using ticket_flights_pkey on ticket_flights tf  (cost=0.56..0.67 rows=3 width=20) (actual time=0.015..0.024 rows=3 loops=1111547)
                    Index Cond: (ticket_no = bp.ticket_no)
Planning Time: 0.732 ms
JIT:
  Functions: 75
  Options: Inlining false, Optimization false, Expressions true, Deforming true
  Timing: Generation 2.250 ms, Inlining 0.000 ms, Optimization 1.293 ms, Emission 64.238 ms, Total 67.781 ms
Execution Time: 17122.477 ms


-2 con index en la tabla tickets con el campo ticket_no tipo hash

Gather Merge  (cost=168330.36..206183.41 rows=324432 width=62) (actual time=15410.887..16138.313 rows=3239758 loops=1)
  Workers Planned: 2
  Workers Launched: 2
  ->  Sort  (cost=167330.34..167735.88 rows=162216 width=62) (actual time=15377.109..15466.818 rows=1079919 loops=3)
        Sort Key: f.scheduled_departure DESC
        Sort Method: external merge  Disk: 82176kB
        Worker 0:  Sort Method: external merge  Disk: 82728kB
        Worker 1:  Sort Method: external merge  Disk: 81760kB
        ->  Nested Loop  (cost=4231.74..147192.03 rows=162216 width=62) (actual time=50.551..14333.320 rows=1079919 loops=3)
              Join Filter: (t.ticket_no = tf.ticket_no)
              ->  Nested Loop  (cost=4231.18..106919.15 rows=57021 width=70) (actual time=50.496..3954.522 rows=370516 loops=3)
                    ->  Parallel Hash Join  (cost=4231.18..104203.42 rows=57021 width=33) (actual time=50.466..1114.994 rows=370516 loops=3)
                          Hash Cond: (bp.flight_id = f.flight_id)
                          ->  Parallel Seq Scan on boarding_passes bp  (cost=0.00..91303.22 rows=3302422 width=25) (actual time=0.026..467.883 rows=2641937 loops=3)
                          ->  Parallel Hash  (cost=4203.90..4203.90 rows=2182 width=16) (actual time=45.213..45.214 rows=1320 loops=3)
                                Buckets: 4096  Batches: 1  Memory Usage: 288kB
                                ->  Parallel Seq Scan on flights f  (cost=0.00..4203.90 rows=2182 width=16) (actual time=28.830..42.172 rows=1320 loops=3)
                                      Filter: (aircraft_code = '773'::bpchar)
                                      Rows Removed by Filter: 70302
                    ->  Index Scan using idx_ticket_no on tickets t  (cost=0.00..0.05 rows=1 width=37) (actual time=0.007..0.007 rows=1 loops=1111547)
                          Index Cond: (ticket_no = bp.ticket_no)
                          Rows Removed by Index Recheck: 0
              ->  Index Scan using ticket_flights_pkey on ticket_flights tf  (cost=0.56..0.67 rows=3 width=20) (actual time=0.016..0.026 rows=3 loops=1111547)
                    Index Cond: (ticket_no = bp.ticket_no)
Planning Time: 0.784 ms
JIT:
  Functions: 75
  Options: Inlining false, Optimization false, Expressions true, Deforming true
  Timing: Generation 2.176 ms, Inlining 0.000 ms, Optimization 1.137 ms, Emission 80.770 ms, Total 84.084 ms
Execution Time: 16242.642 ms

mejoro aprox 800 ms