# QUERIES SEGUNDA CONSULTA

## ORIGINAL

Sort  (cost=399331.19..399960.47 rows=251709 width=78) (actual time=1668.814..1705.614 rows=452703 loops=1)
  Sort Key: f.scheduled_departure DESC
  Sort Method: external merge  Disk: 41392kB
  ->  Nested Loop  (cost=7243.68..365565.14 rows=251709 width=78) (actual time=34.543..1545.387 rows=452703 loops=1)
        Join Filter: (t.ticket_no = tf.ticket_no)
        ->  Nested Loop  (cost=7243.12..303065.51 rows=88491 width=86) (actual time=34.521..614.352 rows=142286 loops=1)
              ->  Nested Loop  (cost=7242.69..260751.51 rows=88491 width=49) (actual time=34.500..77.694 rows=142286 loops=1)
                    ->  Merge Join  (cost=7242.26..7278.76 rows=2399 width=32) (actual time=34.465..35.839 rows=2653 loops=1)
                          Merge Cond: (f.arrival_airport = aa.airport_code)
                          ->  Sort  (cost=7234.73..7240.73 rows=2399 width=36) (actual time=34.403..34.757 rows=2653 loops=1)
                                Sort Key: f.arrival_airport
                                Sort Method: quicksort  Memory: 304kB
                                ->  Merge Join  (cost=7063.55..7100.05 rows=2399 width=36) (actual time=33.412..33.834 rows=2653 loops=1)
                                      Merge Cond: (f.departure_airport = da.airport_code)
                                      ->  Sort  (cost=7056.02..7062.02 rows=2399 width=40) (actual time=33.334..33.420 rows=2653 loops=1)
                                            Sort Key: f.departure_airport
                                            Sort Method: quicksort  Memory: 304kB
                                            ->  Seq Scan on flights f  (cost=0.00..6921.34 rows=2399 width=40) (actual time=13.625..32.762 rows=2653 loops=1)
                                                  Filter: ((scheduled_departure >= '2016-08-14 00:00:00-04'::timestamp with time zone) AND (scheduled_departure <= '2016-12-24 00:00:00-04'::timestamp with time zone) AND ((status)::text = 'Arrived'::text) AND (aircraft_code = '319'::bpchar))
                                                  Rows Removed by Filter: 212214
                                      ->  Sort  (cost=7.52..7.78 rows=104 width=4) (actual time=0.062..0.066 rows=104 loops=1)
                                            Sort Key: da.airport_code
                                            Sort Method: quicksort  Memory: 29kB
                                            ->  Seq Scan on airports_data da  (cost=0.00..4.04 rows=104 width=4) (actual time=0.006..0.016 rows=104 loops=1)
                          ->  Sort  (cost=7.52..7.78 rows=104 width=4) (actual time=0.053..0.083 rows=104 loops=1)
                                Sort Key: aa.airport_code
                                Sort Method: quicksort  Memory: 29kB
                                ->  Seq Scan on airports_data aa  (cost=0.00..4.04 rows=104 width=4) (actual time=0.004..0.010 rows=104 loops=1)
                    ->  Index Scan using boarding_passes_flight_id_seat_no_key on boarding_passes bp  (cost=0.43..104.11 rows=155 width=25) (actual time=0.005..0.011 rows=54 loops=2653)
                          Index Cond: (flight_id = f.flight_id)
              ->  Index Scan using tickets_pkey on tickets t  (cost=0.43..0.48 rows=1 width=37) (actual time=0.004..0.004 rows=1 loops=142286)
                    Index Cond: (ticket_no = bp.ticket_no)
        ->  Index Scan using ticket_flights_pkey on ticket_flights tf  (cost=0.56..0.67 rows=3 width=20) (actual time=0.004..0.006 rows=3 loops=142286)
              Index Cond: (ticket_no = bp.ticket_no)
Planning Time: 1.460 ms
JIT:
  Functions: 37
  Options: Inlining false, Optimization false, Expressions true, Deforming true
  Timing: Generation 0.960 ms, Inlining 0.000 ms, Optimization 0.503 ms, Emission 12.405 ms, Total 13.869 ms
Execution Time: 1735.490 ms


## ORIGINAL CON TODO PRENDIDO ES DECIR PARALLES Y HASH JOINS

Gather Merge  (cost=164818.20..189877.38 rows=214778 width=78) (actual time=2805.719..2921.252 rows=452703 loops=1)
  Workers Planned: 2
  Workers Launched: 2
  ->  Sort  (cost=163818.18..164086.65 rows=107389 width=78) (actual time=2773.792..2785.623 rows=150901 loops=3)
        Sort Key: f.scheduled_departure DESC
        Sort Method: external merge  Disk: 13664kB
        Worker 0:  Sort Method: external merge  Disk: 13800kB
        Worker 1:  Sort Method: external merge  Disk: 13952kB
        ->  Nested Loop  (cost=5181.58..150070.49 rows=107389 width=78) (actual time=69.187..2658.821 rows=150901 loops=3)
              Join Filter: (t.ticket_no = tf.ticket_no)
              ->  Nested Loop  (cost=5181.02..123409.81 rows=37748 width=86) (actual time=69.148..1666.123 rows=47429 loops=3)
                    ->  Hash Join  (cost=5180.59..105359.78 rows=37748 width=49) (actual time=69.104..1126.248 rows=47429 loops=3)
                          Hash Cond: (f.arrival_airport = aa.airport_code)
                          ->  Hash Join  (cost=5175.25..105251.31 rows=37748 width=53) (actual time=32.418..1072.360 rows=47429 loops=3)
                                Hash Cond: (f.departure_airport = da.airport_code)
                                ->  Parallel Hash Join  (cost=5169.91..105142.85 rows=37748 width=57) (actual time=29.712..1044.346 rows=47429 loops=3)
                                      Hash Cond: (bp.flight_id = f.flight_id)
                                      ->  Parallel Seq Scan on boarding_passes bp  (cost=0.00..91303.77 rows=3302477 width=25) (actual time=0.019..647.222 rows=2641937 loops=3)
                                      ->  Parallel Hash  (cost=5151.85..5151.85 rows=1445 width=40) (actual time=24.806..24.807 rows=884 loops=3)
                                            Buckets: 4096  Batches: 1  Memory Usage: 288kB
                                            ->  Parallel Seq Scan on flights f  (cost=0.00..5151.85 rows=1445 width=40) (actual time=0.507..24.611 rows=884 loops=3)
                                                  Filter: ((scheduled_departure >= '2016-08-14 00:00:00-04'::timestamp with time zone) AND (scheduled_departure <= '2016-12-24 00:00:00-04'::timestamp with time zone) AND ((status)::text = 'Arrived'::text) AND (aircraft_code = '319'::bpchar))
                                                  Rows Removed by Filter: 70738
                                ->  Hash  (cost=4.04..4.04 rows=104 width=4) (actual time=0.022..0.023 rows=104 loops=3)
                                      Buckets: 1024  Batches: 1  Memory Usage: 12kB
                                      ->  Seq Scan on airports_data da  (cost=0.00..4.04 rows=104 width=4) (actual time=0.006..0.013 rows=104 loops=3)
                          ->  Hash  (cost=4.04..4.04 rows=104 width=4) (actual time=36.640..36.641 rows=104 loops=3)
                                Buckets: 1024  Batches: 1  Memory Usage: 12kB
                                ->  Seq Scan on airports_data aa  (cost=0.00..4.04 rows=104 width=4) (actual time=36.596..36.617 rows=104 loops=3)
                    ->  Index Scan using tickets_pkey on tickets t  (cost=0.43..0.48 rows=1 width=37) (actual time=0.011..0.011 rows=1 loops=142286)
                          Index Cond: (ticket_no = bp.ticket_no)
              ->  Index Scan using ticket_flights_pkey on ticket_flights tf  (cost=0.56..0.67 rows=3 width=20) (actual time=0.013..0.019 rows=3 loops=142286)
                    Index Cond: (ticket_no = bp.ticket_no)
Planning Time: 2.151 ms
JIT:
  Functions: 117
  Options: Inlining false, Optimization false, Expressions true, Deforming true
  Timing: Generation 3.092 ms, Inlining 0.000 ms, Optimization 9.607 ms, Emission 100.261 ms, Total 112.960 ms
Execution Time: 2950.117 ms
