# Reporte de revenue por pasajero frecuente y su boarding order

```
SELECT
t.passenger_name,
COUNT(DISTINCT(tf.flight_id)) total_flight_count,
SUM(tf.amount) historical_amount_collected,
MAX(bp.boarding_no) max_boarding_number
FROM ticket_flights tf
JOIN tickets t
ON t.ticket_no = tf.ticket_no
JOIN boarding_passes bp
ON bp.ticket_no = t.ticket_no
JOIN flights f
ON bp.flight_id = f.flight_id
WHERE
tf.amount =
(SELECT MAX(tf.amount) FROM ticket_flights tf)
AND
DATE(f.scheduled_departure) BETWEEN '2017-01-26' AND
'2017-06-26'
GROUP BY
t.passenger_name
HAVING
COUNT(DISTINCT(tf.flight_id)) > 3
ORDER BY
COUNT(DISTINCT(tf.flight_id)) DESC;
```

# PLAN ORIGINAL
Sort  (cost=451586.98..451587.26 rows=115 width=60) (actual time=28679.509..28679.513 rows=8 loops=1)
  Sort Key: (count(DISTINCT tf.flight_id)) DESC
  Sort Method: quicksort  Memory: 25kB
  InitPlan 1 (returns $0)
    ->  Aggregate  (cost=174848.01..174848.02 rows=1 width=32) (actual time=1025.344..1025.345 rows=1 loops=1)
          ->  Seq Scan on ticket_flights tf_1  (cost=0.00..153868.21 rows=8391921 width=6) (actual time=0.005..485.211 rows=8391852 loops=1)
  ->  GroupAggregate  (cost=276725.50..276735.02 rows=115 width=60) (actual time=28678.541..28679.490 rows=8 loops=1)
        Group Key: t.passenger_name
        Filter: (count(DISTINCT tf.flight_id) > 3)
        Rows Removed by Filter: 1084
        ->  Sort  (cost=276725.50..276726.37 rows=346 width=30) (actual time=28678.445..28678.552 rows=2459 loops=1)
              Sort Key: t.passenger_name
              Sort Method: quicksort  Memory: 289kB
              ->  Nested Loop  (cost=1.42..276710.91 rows=346 width=30) (actual time=2627.326..28676.160 rows=2459 loops=1)
                    Join Filter: (tf.ticket_no = t.ticket_no)
                    ->  Nested Loop  (cost=0.99..276515.13 rows=399 width=42) (actual time=2627.298..28666.319 rows=2459 loops=1)
                          ->  Nested Loop  (cost=0.43..249325.76 rows=39618 width=18) (actual time=9.960..1298.540 rows=3331781 loops=1)
                                ->  Seq Scan on flights f  (cost=0.00..6935.34 rows=1074 width=4) (actual time=9.933..64.926 rows=82462 loops=1)
                                      Filter: ((date(scheduled_departure) >= '2017-01-26'::date) AND (date(scheduled_departure) <= '2017-06-26'::date))
                                      Rows Removed by Filter: 132405
                                ->  Index Scan using boarding_passes_flight_id_seat_no_key on boarding_passes bp  (cost=0.43..224.14 rows=155 width=22) (actual time=0.005..0.012 rows=40 loops=82462)
                                      Index Cond: (flight_id = f.flight_id)
                          ->  Index Scan using ticket_flights_pkey on ticket_flights tf  (cost=0.56..0.68 rows=1 width=24) (actual time=0.008..0.008 rows=0 loops=3331781)
                                Index Cond: (ticket_no = bp.ticket_no)
                                Filter: (amount = $0)
                                Rows Removed by Filter: 3
                    ->  Index Scan using tickets_pkey on tickets t  (cost=0.43..0.48 rows=1 width=30) (actual time=0.004..0.004 rows=1 loops=2459)
                          Index Cond: (ticket_no = bp.ticket_no)
Planning Time: 0.665 ms
JIT:
  Functions: 30
  Options: Inlining false, Optimization false, Expressions true, Deforming true
  Timing: Generation 0.792 ms, Inlining 0.000 ms, Optimization 0.357 ms, Emission 9.622 ms, Total 10.770 ms
Execution Time: 28680.408 ms

# INDICES

## P1: B+ index (amount,tickets_no) en ticket_flights 
###    B+ index (scheduled_departure) en flights        

Sort  (cost=225715.67..225715.96 rows=115 width=60) (actual time=126.414..126.421 rows=8 loops=1)
  Sort Key: (count(DISTINCT tf.flight_id)) DESC
  Sort Method: quicksort  Memory: 25kB
  InitPlan 2 (returns $1)
    ->  Result  (cost=0.63..0.64 rows=1 width=32) (actual time=0.041..0.043 rows=1 loops=1)
          InitPlan 1 (returns $0)
            ->  Limit  (cost=0.56..0.63 rows=1 width=6) (actual time=0.033..0.034 rows=1 loops=1)
                  ->  Index Only Scan Backward using q1_tf_amount_ticket_no on ticket_flights tf_1  (cost=0.56..575252.20 rows=8391852 width=6) (actual time=0.029..0.030 rows=1 loops=1)
                        Index Cond: (amount IS NOT NULL)
                        Heap Fetches: 1
  ->  GroupAggregate  (cost=225701.58..225711.09 rows=115 width=60) (actual time=125.433..126.413 rows=8 loops=1)
        Group Key: t.passenger_name
        Filter: (count(DISTINCT tf.flight_id) > 3)
        Rows Removed by Filter: 1084
        ->  Sort  (cost=225701.58..225702.44 rows=346 width=30) (actual time=125.334..125.423 rows=2459 loops=1)
              Sort Key: t.passenger_name
              Sort Method: quicksort  Memory: 289kB
              ->  Merge Join  (cost=225332.34..225686.99 rows=346 width=30) (actual time=118.302..123.378 rows=2459 loops=1)
                    Merge Cond: (bp.flight_id = f.flight_id)
                    ->  Sort  (cost=218342.92..218515.83 rows=69166 width=34) (actual time=79.652..80.208 rows=5978 loops=1)
                          Sort Key: bp.flight_id
                          Sort Method: quicksort  Memory: 660kB
                          ->  Nested Loop  (cost=713.05..210889.24 rows=69166 width=34) (actual time=11.156..78.437 rows=5978 loops=1)
                                ->  Nested Loop  (cost=712.49..190300.70 rows=25742 width=54) (actual time=10.666..28.851 rows=3232 loops=1)
                                      ->  Bitmap Heap Scan on ticket_flights tf  (cost=712.06..51637.16 rows=25742 width=24) (actual time=10.643..12.928 rows=3232 loops=1)
                                            Recheck Cond: (amount = $1)
                                            Heap Blocks: exact=683
                                            ->  Bitmap Index Scan on q1_tf_amount_ticket_no  (cost=0.00..705.62 rows=25742 width=0) (actual time=10.577..10.577 rows=3232 loops=1)
                                                  Index Cond: (amount = $1)
                                      ->  Index Scan using tickets_pkey on tickets t  (cost=0.43..5.39 rows=1 width=30) (actual time=0.005..0.005 rows=1 loops=3232)
                                            Index Cond: (ticket_no = tf.ticket_no)
                                ->  Index Scan using boarding_passes_pkey on boarding_passes bp  (cost=0.56..0.76 rows=4 width=22) (actual time=0.011..0.015 rows=2 loops=3232)
                                      Index Cond: (ticket_no = t.ticket_no)
                    ->  Sort  (cost=6989.41..6992.09 rows=1074 width=4) (actual time=38.226..40.726 rows=45470 loops=1)
                          Sort Key: f.flight_id
                          Sort Method: external merge  Disk: 1136kB
                          ->  Seq Scan on flights f  (cost=0.00..6935.34 rows=1074 width=4) (actual time=0.033..28.973 rows=82462 loops=1)
                                Filter: ((date(scheduled_departure) >= '2017-01-26'::date) AND (date(scheduled_departure) <= '2017-06-26'::date))
                                Rows Removed by Filter: 132405
Planning Time: 0.842 ms
JIT:
  Functions: 34
  Options: Inlining false, Optimization false, Expressions true, Deforming true
  Timing: Generation 0.799 ms, Inlining 0.000 ms, Optimization 0.397 ms, Emission 9.993 ms, Total 11.188 ms
Execution Time: 127.512 ms


