# Reporte de revenue por vuelo que salen cuando se esperaba

```
SELECT
	f.flight_id,
	f.scheduled_departure,
	COUNT(DISTINCT(bp.ticket_no)) count_tickets,
	SUM(tf.amount) amount_collected
FROM 
	flights f
JOIN 
	boarding_passes bp ON bp.flight_id = f.flight_id
JOIN 
	tickets t ON t.ticket_no = bp.ticket_no
JOIN 
	ticket_flights tf ON tf.ticket_no = t.ticket_no
JOIN 
	aircrafts_data ad ON ad.aircraft_code = f.aircraft_code
WHERE
	DATE(f.scheduled_departure) IN
	(SELECT 
		scheduled_departure_date
	FROM (
		SELECT DATE(f2.scheduled_departure) AS scheduled_departure_date,
			COUNT(DISTINCT(f2.flight_id))
		FROM flights f2
		WHERE 
			f2.status IN ('Arrived', 'Scheduled')
		AND 
			f2.scheduled_departure = f2.actual_departure
		GROUP BY DATE(f2.scheduled_departure)
		HAVING COUNT(DISTINCT(f2.flight_id)) >= 30
		ORDER BY COUNT(DISTINCT(f2.flight_id)) DESC) AS arrived_high_count
	) AND ad.aircraft_code IN ('773', '763', '733', '319')
GROUP BY 
	f.flight_id
ORDER BY 
	SUM(tf.amount) DESC, COUNT(DISTINCT(bp.ticket_no)) DESC ;
```


# QUERY ORIGINAL 

Sort  (cost=6109336.07..6109873.24 rows=214867 width=52) (actual time=35493.291..35493.590 rows=3064 loops=1)
  Sort Key: (sum(tf.amount)) DESC, (count(DISTINCT bp.ticket_no)) DESC
  Sort Method: quicksort  Memory: 336kB
  ->  GroupAggregate  (cost=5656276.99..6082959.78 rows=214867 width=52) (actual time=31778.968..35492.148 rows=3064 loops=1)
        Group Key: f.flight_id
        ->  Merge Join  (cost=5656276.99..5947238.38 rows=17738076 width=32) (actual time=31777.570..34497.591 rows=1153637 loops=1)
              Merge Cond: (f.flight_id = bp.flight_id)
              ->  Sort  (cost=63344.61..63767.18 rows=169028 width=12) (actual time=334.957..335.789 rows=3258 loops=1)
                    Sort Key: f.flight_id
                    Sort Method: quicksort  Memory: 249kB
                    ->  Merge Join  (cost=43367.00..45776.15 rows=169028 width=12) (actual time=331.483..334.475 rows=3258 loops=1)
                          Merge Cond: ((date(f.scheduled_departure)) = arrived_high_count.scheduled_departure_date)
                          ->  Sort  (cost=37406.97..37645.71 rows=95496 width=12) (actual time=313.201..314.978 rows=25689 loops=1)
                                Sort Key: (date(f.scheduled_departure))
                                Sort Method: quicksort  Memory: 2970kB
                                ->  Merge Join  (cost=27478.63..29507.95 rows=95496 width=12) (actual time=301.716..309.472 rows=28175 loops=1)
                                      Merge Cond: (f.aircraft_code = ad.aircraft_code)
                                      ->  Sort  (cost=27477.46..28014.62 rows=214867 width=16) (actual time=301.654..304.676 rows=40848 loops=1)
                                            Sort Key: f.aircraft_code
                                            Sort Method: external merge  Disk: 6312kB
                                            ->  Seq Scan on flights f  (cost=0.00..4772.67 rows=214867 width=16) (actual time=245.154..268.465 rows=214867 loops=1)
                                      ->  Sort  (cost=1.18..1.19 rows=4 width=16) (actual time=0.024..0.025 rows=4 loops=1)
                                            Sort Key: ad.aircraft_code
                                            Sort Method: quicksort  Memory: 25kB
                                            ->  Seq Scan on aircrafts_data ad  (cost=0.00..1.14 rows=4 width=16) (actual time=0.012..0.014 rows=4 loops=1)
                                                  Filter: (aircraft_code = ANY ('{773,763,733,319}'::bpchar[]))
                                                  Rows Removed by Filter: 5
                          ->  Sort  (cost=5960.02..5960.91 rows=354 width=4) (actual time=18.241..18.246 rows=45 loops=1)
                                Sort Key: arrived_high_count.scheduled_departure_date
                                Sort Method: quicksort  Memory: 27kB
                                ->  Subquery Scan on arrived_high_count  (cost=5940.61..5945.04 rows=354 width=4) (actual time=18.227..18.234 rows=45 loops=1)
                                      ->  Sort  (cost=5940.61..5941.50 rows=354 width=12) (actual time=18.224..18.227 rows=45 loops=1)
                                            Sort Key: (count(DISTINCT f2.flight_id)) DESC
                                            Sort Method: quicksort  Memory: 27kB
                                            ->  GroupAggregate  (cost=5903.46..5925.62 rows=354 width=12) (actual time=16.775..18.213 rows=45 loops=1)
                                                  Group Key: (date(f2.scheduled_departure))
                                                  Filter: (count(DISTINCT f2.flight_id) >= 30)
                                                  Rows Removed by Filter: 321
                                                  ->  Sort  (cost=5903.46..5906.13 rows=1069 width=8) (actual time=16.727..17.160 rows=8757 loops=1)
                                                        Sort Key: (date(f2.scheduled_departure))
                                                        Sort Method: quicksort  Memory: 795kB
                                                        ->  Seq Scan on flights f2  (cost=0.00..5849.68 rows=1069 width=8) (actual time=0.031..15.726 rows=8757 loops=1)
                                                              Filter: (((status)::text = ANY ('{Arrived,Scheduled}'::text[])) AND (scheduled_departure = actual_departure))
                                                              Rows Removed by Filter: 206110
              ->  Sort  (cost=5592926.72..5649297.72 rows=22548402 width=24) (actual time=31422.899..33111.092 rows=26019865 loops=1)
                    Sort Key: bp.flight_id
                    Sort Method: external sort  Disk: 1033624kB
                    ->  Merge Join  (cost=1.55..1451771.54 rows=22548402 width=24) (actual time=0.055..18262.889 rows=26251894 loops=1)
                          Merge Cond: (tf.ticket_no = t.ticket_no)
                          ->  Index Scan using ticket_flights_pkey on ticket_flights tf  (cost=0.56..571022.78 rows=8391852 width=20) (actual time=0.016..9233.822 rows=8390315 loops=1)
                          ->  Materialize  (cost=0.99..541357.47 rows=7925688 width=32) (actual time=0.031..4959.350 rows=26251891 loops=1)
                                ->  Merge Join  (cost=0.99..521543.25 rows=7925688 width=32) (actual time=0.029..3221.534 rows=7925812 loops=1)
                                      Merge Cond: (bp.ticket_no = t.ticket_no)
                                      ->  Index Only Scan using boarding_passes_pkey on boarding_passes bp  (cost=0.56..275989.88 rows=7925688 width=18) (actual time=0.012..848.232 rows=7925812 loops=1)
                                            Heap Fetches: 0
                                      ->  Index Only Scan using tickets_pkey on tickets t  (cost=0.43..139108.05 rows=2949708 width=14) (actual time=0.010..859.667 rows=2949468 loops=1)
                                            Heap Fetches: 2949468
Planning Time: 3.636 ms
JIT:
  Functions: 50
  Options: Inlining true, Optimization true, Expressions true, Deforming true
  Timing: Generation 1.004 ms, Inlining 39.585 ms, Optimization 124.620 ms, Emission 81.041 ms, Total 246.250 ms
Execution Time: 35599.050 ms


# P1: B+ index (flight_id,aircraft_code,scheduled_departure) en la tabla flights
 ESTE ES NUESTRO CABALLO CAMERUN
Sort  (cost=6046452.53..6046989.70 rows=214867 width=52) (actual time=33158.528..33158.851 rows=3064 loops=1)
  Sort Key: (sum(tf.amount)) DESC, (count(DISTINCT bp.ticket_no)) DESC
  Sort Method: quicksort  Memory: 336kB
  ->  GroupAggregate  (cost=5593469.40..6020076.25 rows=214867 width=52) (actual time=29501.907..33157.386 rows=3064 loops=1)
        Group Key: f.flight_id
        ->  Merge Join  (cost=5593469.40..5884378.56 rows=17734913 width=32) (actual time=29500.505..32182.868 rows=1153637 loops=1)
              Merge Cond: (f.flight_id = bp.flight_id)
              ->  Sort  (cost=45806.18..46228.75 rows=169028 width=12) (actual time=218.943..219.804 rows=3258 loops=1)
                    Sort Key: f.flight_id
                    Sort Method: quicksort  Memory: 249kB
                    ->  Merge Join  (cost=25828.56..28237.71 rows=169028 width=12) (actual time=214.790..218.478 rows=3258 loops=1)
                          Merge Cond: ((date(f.scheduled_departure)) = arrived_high_count.scheduled_departure_date)
                          ->  Sort  (cost=19854.54..20093.28 rows=95496 width=12) (actual time=197.134..199.502 rows=25689 loops=1)
                                Sort Key: (date(f.scheduled_departure))
                                Sort Method: quicksort  Memory: 2970kB
                                ->  Nested Loop  (cost=0.42..11955.51 rows=95496 width=12) (actual time=174.599..194.047 rows=28175 loops=1)
                                      ->  Seq Scan on aircrafts_data ad  (cost=0.00..1.14 rows=4 width=4) (actual time=174.489..174.496 rows=4 loops=1)
                                            Filter: (aircraft_code = ANY ('{773,763,733,319}'::bpchar[]))
                                            Rows Removed by Filter: 5
                                      ->  Index Only Scan using q2_f_fid_ac_sd on flights f  (cost=0.42..2720.01 rows=26858 width=16) (actual time=0.100..4.111 rows=7044 loops=4)
                                            Index Cond: (aircraft_code = ad.aircraft_code)
                                            Heap Fetches: 0
                          ->  Sort  (cost=5974.02..5974.91 rows=354 width=4) (actual time=17.595..17.601 rows=45 loops=1)
                                Sort Key: arrived_high_count.scheduled_departure_date
                                Sort Method: quicksort  Memory: 27kB
                                ->  Subquery Scan on arrived_high_count  (cost=5954.61..5959.04 rows=354 width=4) (actual time=17.579..17.586 rows=45 loops=1)
                                      ->  Sort  (cost=5954.61..5955.50 rows=354 width=12) (actual time=17.575..17.579 rows=45 loops=1)
                                            Sort Key: (count(DISTINCT f2.flight_id)) DESC
                                            Sort Method: quicksort  Memory: 27kB
                                            ->  GroupAggregate  (cost=5917.46..5939.62 rows=354 width=12) (actual time=16.146..17.566 rows=45 loops=1)
                                                  Group Key: (date(f2.scheduled_departure))
                                                  Filter: (count(DISTINCT f2.flight_id) >= 30)
                                                  Rows Removed by Filter: 321
                                                  ->  Sort  (cost=5917.46..5920.13 rows=1069 width=8) (actual time=16.097..16.514 rows=8757 loops=1)
                                                        Sort Key: (date(f2.scheduled_departure))
                                                        Sort Method: quicksort  Memory: 795kB
                                                        ->  Seq Scan on flights f2  (cost=0.00..5863.68 rows=1069 width=8) (actual time=0.028..15.086 rows=8757 loops=1)
                                                              Filter: (((status)::text = ANY ('{Arrived,Scheduled}'::text[])) AND (scheduled_departure = actual_departure))
                                                              Rows Removed by Filter: 206110
              ->  Sort  (cost=5547657.00..5604017.95 rows=22544381 width=24) (actual time=29262.224..30947.161 rows=26019865 loops=1)
                    Sort Key: bp.flight_id
                    Sort Method: external sort  Disk: 1033624kB
                    ->  Merge Join  (cost=1.55..1407273.92 rows=22544381 width=24) (actual time=0.051..17628.142 rows=26251894 loops=1)
                          Merge Cond: (bp.ticket_no = t.ticket_no)
                          ->  Index Only Scan using boarding_passes_pkey on boarding_passes bp  (cost=0.56..276038.67 rows=7924941 width=18) (actual time=0.016..673.427 rows=7925812 loops=1)
                                Heap Fetches: 4
                          ->  Materialize  (cost=0.99..794239.98 rows=8393041 width=34) (actual time=0.028..13072.259 rows=26616655 loops=1)
                                ->  Merge Join  (cost=0.99..773257.38 rows=8393041 width=34) (actual time=0.026..11156.914 rows=8390315 loops=1)
                                      Merge Cond: (t.ticket_no = tf.ticket_no)
                                      ->  Index Only Scan using tickets_pkey on tickets t  (cost=0.43..89733.04 rows=2950374 width=14) (actual time=0.010..246.446 rows=2949469 loops=1)
                                            Heap Fetches: 356
                                      ->  Index Scan using ticket_flights_pkey on ticket_flights tf  (cost=0.56..571235.53 rows=8393041 width=20) (actual time=0.008..8706.514 rows=8390315 loops=1)
Planning Time: 0.979 ms
JIT:
  Functions: 43
  Options: Inlining true, Optimization true, Expressions true, Deforming true
  Timing: Generation 1.026 ms, Inlining 8.159 ms, Optimization 99.597 ms, Emission 66.803 ms, Total 175.586 ms
Execution Time: 33247.373 ms 

## P2: Hash index (scheduled_departure) en La tabla flights
 NO LO USO
Sort  (cost=6049949.57..6050486.73 rows=214867 width=52) (actual time=33437.268..33437.584 rows=3064 loops=1)
  Sort Key: (sum(tf.amount)) DESC, (count(DISTINCT bp.ticket_no)) DESC
  Sort Method: quicksort  Memory: 336kB
  ->  GroupAggregate  (cost=5596812.82..6023573.28 rows=214867 width=52) (actual time=29627.940..33436.064 rows=3064 loops=1)
        Group Key: f.flight_id
        ->  Merge Join  (cost=5596812.82..5887829.25 rows=17741092 width=32) (actual time=29626.531..32406.350 rows=1153637 loops=1)
              Merge Cond: (f.flight_id = bp.flight_id)
              ->  Sort  (cost=52130.07..52552.64 rows=169028 width=12) (actual time=241.808..242.596 rows=3258 loops=1)
                    Sort Key: f.flight_id
                    Sort Method: quicksort  Memory: 249kB
                    ->  Merge Join  (cost=32152.45..34561.61 rows=169028 width=12) (actual time=237.751..241.350 rows=3258 loops=1)
                          Merge Cond: ((date(f.scheduled_departure)) = arrived_high_count.scheduled_departure_date)
                          ->  Sort  (cost=26178.43..26417.17 rows=95496 width=12) (actual time=220.356..222.612 rows=25689 loops=1)
                                Sort Key: (date(f.scheduled_departure))
                                Sort Method: quicksort  Memory: 2970kB
                                ->  Nested Loop  (cost=2315.64..18279.40 rows=95496 width=12) (actual time=204.230..217.351 rows=28175 loops=1)
                                      ->  Seq Scan on aircrafts_data ad  (cost=0.00..1.14 rows=4 width=4) (actual time=199.905..199.911 rows=4 loops=1)
                                            Filter: (aircraft_code = ANY ('{773,763,733,319}'::bpchar[]))
                                            Rows Removed by Filter: 5
                                      ->  Bitmap Heap Scan on flights f  (cost=2315.64..4300.99 rows=26858 width=16) (actual time=3.017..3.522 rows=7044 loops=4)
                                            Recheck Cond: (aircraft_code = ad.aircraft_code)
                                            Heap Blocks: exact=447
                                            ->  Bitmap Index Scan on q4_sd_ac  (cost=0.00..2308.92 rows=26858 width=0) (actual time=3.004..3.004 rows=7044 loops=4)
                                                  Index Cond: (aircraft_code = ad.aircraft_code)
                          ->  Sort  (cost=5974.02..5974.91 rows=354 width=4) (actual time=17.344..17.349 rows=45 loops=1)
                                Sort Key: arrived_high_count.scheduled_departure_date
                                Sort Method: quicksort  Memory: 27kB
                                ->  Subquery Scan on arrived_high_count  (cost=5954.61..5959.04 rows=354 width=4) (actual time=17.328..17.335 rows=45 loops=1)
                                      ->  Sort  (cost=5954.61..5955.50 rows=354 width=12) (actual time=17.324..17.328 rows=45 loops=1)
                                            Sort Key: (count(DISTINCT f2.flight_id)) DESC
                                            Sort Method: quicksort  Memory: 27kB
                                            ->  GroupAggregate  (cost=5917.46..5939.62 rows=354 width=12) (actual time=15.891..17.317 rows=45 loops=1)
                                                  Group Key: (date(f2.scheduled_departure))
                                                  Filter: (count(DISTINCT f2.flight_id) >= 30)
                                                  Rows Removed by Filter: 321
                                                  ->  Sort  (cost=5917.46..5920.13 rows=1069 width=8) (actual time=15.844..16.247 rows=8757 loops=1)
                                                        Sort Key: (date(f2.scheduled_departure))
                                                        Sort Method: quicksort  Memory: 795kB
                                                        ->  Seq Scan on flights f2  (cost=0.00..5863.68 rows=1069 width=8) (actual time=0.022..14.909 rows=8757 loops=1)
                                                              Filter: (((status)::text = ANY ('{Arrived,Scheduled}'::text[])) AND (scheduled_departure = actual_departure))
                                                              Rows Removed by Filter: 206110
              ->  Sort  (cost=5544682.74..5601063.33 rows=22552236 width=24) (actual time=29364.087..31111.505 rows=26019865 loops=1)
                    Sort Key: bp.flight_id
                    Sort Method: external sort  Disk: 1033624kB
                    ->  Merge Join  (cost=1.68..1402790.15 rows=22552236 width=24) (actual time=0.052..17349.070 rows=26251894 loops=1)
                          Merge Cond: (tf.ticket_no = t.ticket_no)
                          ->  Index Scan using ticket_flights_pkey on ticket_flights tf  (cost=0.56..571279.01 rows=8391949 width=20) (actual time=0.012..8978.309 rows=8390315 loops=1)
                          ->  Materialize  (cost=0.99..492064.87 rows=7926799 width=32) (actual time=0.032..4234.009 rows=26251891 loops=1)
                                ->  Merge Join  (cost=0.99..472247.87 rows=7926799 width=32) (actual time=0.031..2467.094 rows=7925812 loops=1)
                                      Merge Cond: (bp.ticket_no = t.ticket_no)
                                      ->  Index Only Scan using boarding_passes_pkey on boarding_passes bp  (cost=0.56..276066.54 rows=7926799 width=18) (actual time=0.011..703.708 rows=7925812 loops=1)
                                            Heap Fetches: 4
                                      ->  Index Only Scan using tickets_pkey on tickets t  (cost=0.43..89722.24 rows=2949654 width=14) (actual time=0.009..237.654 rows=2949468 loops=1)
                                            Heap Fetches: 356
Planning Time: 0.957 ms
JIT:
  Functions: 45
  Options: Inlining true, Optimization true, Expressions true, Deforming true
  Timing: Generation 1.137 ms, Inlining 8.692 ms, Optimization 115.074 ms, Emission 76.228 ms, Total 201.131 ms
Execution Time: 33520.942 ms

## P3: B+ index (flight_id,aircraft_code,scheduled_departure) en la tabla flights
###    B+ index (amount) en la tabla ticket_flights
Sort  (cost=6042884.00..6043421.16 rows=214867 width=52) (actual time=32294.611..32294.931 rows=3064 loops=1)
  Sort Key: (sum(tf.amount)) DESC, (count(DISTINCT bp.ticket_no)) DESC
  Sort Method: quicksort  Memory: 336kB
  ->  GroupAggregate  (cost=5589824.84..6016507.71 rows=214867 width=52) (actual time=28514.074..32293.458 rows=3064 loops=1)
        Group Key: f.flight_id
        ->  Merge Join  (cost=5589824.84..5880784.46 rows=17738322 width=32) (actual time=28512.648..31265.980 rows=1153637 loops=1)
              Merge Cond: (f.flight_id = bp.flight_id)
              ->  Sort  (cost=45806.19..46228.76 rows=169028 width=12) (actual time=232.177..232.980 rows=3258 loops=1)
                    Sort Key: f.flight_id
                    Sort Method: quicksort  Memory: 249kB
                    ->  Merge Join  (cost=25828.57..28237.73 rows=169028 width=12) (actual time=228.028..231.707 rows=3258 loops=1)
                          Merge Cond: ((date(f.scheduled_departure)) = arrived_high_count.scheduled_departure_date)
                          ->  Sort  (cost=19854.55..20093.29 rows=95496 width=12) (actual time=207.579..209.923 rows=25689 loops=1)
                                Sort Key: (date(f.scheduled_departure))
                                Sort Method: quicksort  Memory: 2970kB
                                ->  Nested Loop  (cost=0.42..11955.53 rows=95496 width=12) (actual time=180.509..204.350 rows=28175 loops=1)
                                      ->  Seq Scan on aircrafts_data ad  (cost=0.00..1.14 rows=4 width=4) (actual time=179.909..179.917 rows=4 loops=1)
                                            Filter: (aircraft_code = ANY ('{773,763,733,319}'::bpchar[]))
                                            Rows Removed by Filter: 5
                                      ->  Index Only Scan using q2_f_fid_ac_sd on flights f  (cost=0.42..2720.02 rows=26858 width=16) (actual time=0.222..5.322 rows=7044 loops=4)
                                            Index Cond: (aircraft_code = ad.aircraft_code)
                                            Heap Fetches: 0
                          ->  Sort  (cost=5974.02..5974.91 rows=354 width=4) (actual time=20.386..20.390 rows=45 loops=1)
                                Sort Key: arrived_high_count.scheduled_departure_date
                                Sort Method: quicksort  Memory: 27kB
                                ->  Subquery Scan on arrived_high_count  (cost=5954.61..5959.04 rows=354 width=4) (actual time=20.368..20.375 rows=45 loops=1)
                                      ->  Sort  (cost=5954.61..5955.50 rows=354 width=12) (actual time=20.364..20.367 rows=45 loops=1)
                                            Sort Key: (count(DISTINCT f2.flight_id)) DESC
                                            Sort Method: quicksort  Memory: 27kB
                                            ->  GroupAggregate  (cost=5917.46..5939.62 rows=354 width=12) (actual time=18.846..20.355 rows=45 loops=1)
                                                  Group Key: (date(f2.scheduled_departure))
                                                  Filter: (count(DISTINCT f2.flight_id) >= 30)
                                                  Rows Removed by Filter: 321
                                                  ->  Sort  (cost=5917.46..5920.13 rows=1069 width=8) (actual time=18.796..19.293 rows=8757 loops=1)
                                                        Sort Key: (date(f2.scheduled_departure))
                                                        Sort Method: quicksort  Memory: 795kB
                                                        ->  Seq Scan on flights f2  (cost=0.00..5863.68 rows=1069 width=8) (actual time=0.034..17.781 rows=8757 loops=1)
                                                              Filter: (((status)::text = ANY ('{Arrived,Scheduled}'::text[])) AND (scheduled_departure = actual_departure))
                                                              Rows Removed by Filter: 206110
              ->  Sort  (cost=5544010.92..5600382.71 rows=22548715 width=24) (actual time=28260.584..29974.821 rows=26019865 loops=1)
                    Sort Key: bp.flight_id
                    Sort Method: external sort  Disk: 1033624kB
                    ->  Merge Join  (cost=1.55..1402794.27 rows=22548715 width=24) (actual time=0.049..16527.294 rows=26251894 loops=1)
                          Merge Cond: (tf.ticket_no = t.ticket_no)
                          ->  Index Scan using ticket_flights_pkey on ticket_flights tf  (cost=0.56..571342.14 rows=8391362 width=20) (actual time=0.013..8479.803 rows=8390315 loops=1)
                          ->  Materialize  (cost=0.99..492059.39 rows=7926527 width=32) (actual time=0.029..4053.347 rows=26251891 loops=1)
                                ->  Merge Join  (cost=0.99..472243.07 rows=7926527 width=32) (actual time=0.027..2327.172 rows=7925812 loops=1)
                                      Merge Cond: (bp.ticket_no = t.ticket_no)
                                      ->  Index Only Scan using boarding_passes_pkey on boarding_passes bp  (cost=0.56..276062.46 rows=7926527 width=18) (actual time=0.009..623.109 rows=7925812 loops=1)
                                            Heap Fetches: 4
                                      ->  Index Only Scan using tickets_pkey on tickets t  (cost=0.43..89724.54 rows=2949807 width=14) (actual time=0.010..224.037 rows=2949468 loops=1)
                                            Heap Fetches: 356
Planning Time: 0.857 ms
JIT:
  Functions: 43
  Options: Inlining true, Optimization true, Expressions true, Deforming true
  Timing: Generation 1.146 ms, Inlining 8.571 ms, Optimization 102.115 ms, Emission 69.286 ms, Total 181.118 ms
Execution Time: 32380.851 ms

## P4: B+ index (aircraft_code) en la tabla flights
###    B+ index (flight_id) en la tabla boarding_passes
####   B+ index (ticket_no) en la tabla ticket_flights
Sort  (cost=5808571.65..5809108.81 rows=214867 width=52) (actual time=10152.560..10152.862 rows=3064 loops=1)
  Sort Key: (sum(tf.amount)) DESC, (count(DISTINCT bp.ticket_no)) DESC
  Sort Method: quicksort  Memory: 336kB
  ->  GroupAggregate  (cost=1803650.48..5782195.36 rows=214867 width=52) (actual time=5373.608..10150.603 rows=3064 loops=1)
        Group Key: f.flight_id
        ->  Nested Loop  (cost=1803650.48..5646477.68 rows=17737579 width=32) (actual time=5368.674..9200.177 rows=1153637 loops=1)
              Join Filter: (t.ticket_no = tf.ticket_no)
              ->  Merge Join  (cost=1803650.05..1906466.26 rows=6234703 width=40) (actual time=5368.610..6198.677 rows=383994 loops=1)
                    Merge Cond: (f.flight_id = bp.flight_id)
                    ->  Sort  (cost=43997.30..44419.87 rows=169028 width=12) (actual time=248.447..249.667 rows=3258 loops=1)
                          Sort Key: f.flight_id
                          Sort Method: quicksort  Memory: 249kB
                          ->  Merge Join  (cost=24019.68..26428.84 rows=169028 width=12) (actual time=244.623..247.998 rows=3258 loops=1)
                                Merge Cond: ((date(f.scheduled_departure)) = arrived_high_count.scheduled_departure_date)
                                ->  Sort  (cost=18045.66..18284.40 rows=95496 width=12) (actual time=228.016..230.111 rows=25689 loops=1)
                                      Sort Key: (date(f.scheduled_departure))
                                      Sort Method: quicksort  Memory: 2970kB
                                      ->  Nested Loop  (cost=282.44..10146.63 rows=95496 width=12) (actual time=218.007..223.924 rows=28175 loops=1)
                                            ->  Seq Scan on aircrafts_data ad  (cost=0.00..1.14 rows=4 width=4) (actual time=217.862..217.868 rows=4 loops=1)
                                                  Filter: (aircraft_code = ANY ('{773,763,733,319}'::bpchar[]))
                                                  Rows Removed by Filter: 5
                                            ->  Bitmap Heap Scan on flights f  (cost=282.44..2267.79 rows=26858 width=16) (actual time=0.139..0.663 rows=7044 loops=4)
                                                  Recheck Cond: (aircraft_code = ad.aircraft_code)
                                                  Heap Blocks: exact=447
                                                  ->  Bitmap Index Scan on q2_f_ac  (cost=0.00..275.73 rows=26858 width=0) (actual time=0.126..0.126 rows=7044 loops=4)
                                                        Index Cond: (aircraft_code = ad.aircraft_code)
                                ->  Sort  (cost=5974.02..5974.91 rows=354 width=4) (actual time=16.565..16.570 rows=45 loops=1)
                                      Sort Key: arrived_high_count.scheduled_departure_date
                                      Sort Method: quicksort  Memory: 27kB
                                      ->  Subquery Scan on arrived_high_count  (cost=5954.61..5959.04 rows=354 width=4) (actual time=16.549..16.556 rows=45 loops=1)
                                            ->  Sort  (cost=5954.61..5955.50 rows=354 width=12) (actual time=16.546..16.549 rows=45 loops=1)
                                                  Sort Key: (count(DISTINCT f2.flight_id)) DESC
                                                  Sort Method: quicksort  Memory: 27kB
                                                  ->  GroupAggregate  (cost=5917.46..5939.62 rows=354 width=12) (actual time=15.140..16.538 rows=45 loops=1)
                                                        Group Key: (date(f2.scheduled_departure))
                                                        Filter: (count(DISTINCT f2.flight_id) >= 30)
                                                        Rows Removed by Filter: 321
                                                        ->  Sort  (cost=5917.46..5920.13 rows=1069 width=8) (actual time=15.096..15.487 rows=8757 loops=1)
                                                              Sort Key: (date(f2.scheduled_departure))
                                                              Sort Method: quicksort  Memory: 795kB
                                                              ->  Seq Scan on flights f2  (cost=0.00..5863.68 rows=1069 width=8) (actual time=0.024..14.083 rows=8757 loops=1)
                                                                    Filter: (((status)::text = ANY ('{Arrived,Scheduled}'::text[])) AND (scheduled_departure = actual_departure))
                                                                    Rows Removed by Filter: 206110
                    ->  Sort  (cost=1759649.80..1779463.47 rows=7925470 width=32) (actual time=5112.883..5622.742 rows=7854216 loops=1)
                          Sort Key: bp.flight_id
                          Sort Method: external sort  Disk: 372320kB
                          ->  Merge Join  (cost=0.99..472214.61 rows=7925470 width=32) (actual time=0.030..2144.986 rows=7925812 loops=1)
                                Merge Cond: (bp.ticket_no = t.ticket_no)
                                ->  Index Only Scan using boarding_passes_pkey on boarding_passes bp  (cost=0.56..276046.61 rows=7925470 width=18) (actual time=0.013..574.465 rows=7925812 loops=1)
                                      Heap Fetches: 4
                                ->  Index Only Scan using tickets_pkey on tickets t  (cost=0.43..89725.06 rows=2949842 width=14) (actual time=0.008..195.025 rows=2949468 loops=1)
                                      Heap Fetches: 356
              ->  Index Scan using q2_tf_tno on ticket_flights tf  (cost=0.43..0.55 rows=4 width=20) (actual time=0.005..0.007 rows=3 loops=383994)
                    Index Cond: (ticket_no = bp.ticket_no)
Planning Time: 1.584 ms
JIT:
  Functions: 45
  Options: Inlining true, Optimization true, Expressions true, Deforming true
  Timing: Generation 0.782 ms, Inlining 35.180 ms, Optimization 109.816 ms, Emission 72.933 ms, Total 218.712 ms
Execution Time: 10197.374 ms
