# Reporte de dinero recaudado por asiento en un mes de vuelos

```
SELECT
	f.aircraft_code,
	s.seat_no,
	SUM(tf.amount) total_amount
FROM 
	seats s
JOIN 
	flights f ON f.aircraft_code = s.aircraft_code
JOIN 
	ticket_flights tf ON tf.flight_id = f.flight_id
WHERE DATE(f.scheduled_departure) 
	BETWEEN '2017-01-26' AND '2017-02-26'
GROUP BY f.aircraft_code, s.seat_no
```


# PLAN ORIGINAL
GroupAggregate  (cost=1458298.58..1530436.59 rows=3688 width=39) (actual time=9664.778..55624.654 rows=1199 loops=1)
  Group Key: f.aircraft_code, s.seat_no
  ->  Merge Join  (cost=1458298.58..1506375.66 rows=3201977 width=13) (actual time=9649.250..39647.238 rows=110338099 loops=1)
        Merge Cond: (s.aircraft_code = f.aircraft_code)
        ->  Index Only Scan using seats_pkey on seats s  (cost=0.28..44.36 rows=1339 width=7) (actual time=0.010..1.714 rows=1339 loops=1)
              Heap Fetches: 0
        ->  Sort  (cost=1458298.30..1458403.16 rows=41944 width=10) (actual time=9404.923..21530.499 rows=110338003 loops=1)
              Sort Key: f.aircraft_code
              Sort Method: external sort  Disk: 16704kB
              ->  Merge Join  (cost=1412704.42..1455077.80 rows=41944 width=10) (actual time=7332.813..9065.024 rows=700759 loops=1)
                    Merge Cond: (f.flight_id = tf.flight_id)
                    ->  Sort  (cost=6989.41..6992.09 rows=1074 width=8) (actual time=54.679..55.479 rows=17360 loops=1)
                          Sort Key: f.flight_id
                          Sort Method: quicksort  Memory: 1582kB
                          ->  Seq Scan on flights f  (cost=0.00..6935.34 rows=1074 width=8) (actual time=0.037..48.728 rows=17360 loops=1)
                                Filter: ((date(scheduled_departure) >= '2017-01-26'::date) AND (date(scheduled_departure) <= '2017-02-26'::date))
                                Rows Removed by Filter: 197507
                    ->  Sort  (cost=1405710.82..1426689.30 rows=8391390 width=10) (actual time=7278.059..8242.850 rows=8391457 loops=1)
                          Sort Key: tf.flight_id
                          Sort Method: external sort  Disk: 213568kB
                          ->  Seq Scan on ticket_flights tf  (cost=0.00..153862.90 rows=8391390 width=10) (actual time=0.020..1179.363 rows=8391852 loops=1)
Planning Time: 0.598 ms
JIT:
  Functions: 21
  Options: Inlining true, Optimization true, Expressions true, Deforming true
  Timing: Generation 0.413 ms, Inlining 72.066 ms, Optimization 106.465 ms, Emission 65.814 ms, Total 244.758 ms
Execution Time: 55695.341 ms

# INDICES

## P1: B+ index (scheduled_departure,aircraft_code) en la tabla flights
###    B+ index (aircraft_code) en la tabla seats




## P2: B+ index (flight_id) en la tabla ticket_flights
GroupAggregate  (cost=257460.66..330153.30 rows=3688 width=39) (actual time=1315.236..26825.395 rows=1199 loops=1)
  Group Key: f.aircraft_code, s.seat_no
  ->  Merge Join  (cost=257460.66..305907.50 rows=3226627 width=13) (actual time=1306.847..17397.149 rows=110338099 loops=1)
        Merge Cond: (s.aircraft_code = f.aircraft_code)
        ->  Index Only Scan using seats_pkey on seats s  (cost=0.28..44.36 rows=1339 width=7) (actual time=0.010..2.104 rows=1339 loops=1)
              Heap Fetches: 0
        ->  Sort  (cost=257460.38..257565.23 rows=41941 width=10) (actual time=1300.453..7192.040 rows=110338003 loops=1)
              Sort Key: f.aircraft_code
              Sort Method: external sort  Disk: 16704kB
              ->  Nested Loop  (cost=0.43..254240.14 rows=41941 width=10) (actual time=0.052..1127.867 rows=700759 loops=1)
                    ->  Seq Scan on flights f  (cost=0.00..6935.34 rows=1074 width=8) (actual time=0.032..34.233 rows=17360 loops=1)
                          Filter: ((date(scheduled_departure) >= '2017-01-26'::date) AND (date(scheduled_departure) <= '2017-02-26'::date))
                          Rows Removed by Filter: 197507
                    ->  Index Scan using q4_tf_fid on ticket_flights tf  (cost=0.43..229.23 rows=104 width=10) (actual time=0.002..0.059 rows=40 loops=17360)
                          Index Cond: (flight_id = f.flight_id)
Planning Time: 0.357 ms
JIT:
  Functions: 16
  Options: Inlining false, Optimization false, Expressions true, Deforming true
  Timing: Generation 0.639 ms, Inlining 0.000 ms, Optimization 0.287 ms, Emission 6.092 ms, Total 7.019 ms
Execution Time: 26827.910 ms

##	P3: B+ index (flight_id) en la tabla ticket_flights
###     B+ index (aircraft_code) en la tabla flights
GroupAggregate  (cost=256603.25..329087.61 rows=3688 width=39) (actual time=1344.097..27598.917 rows=1199 loops=1)
  Group Key: f.aircraft_code, s.seat_no
  ->  Merge Join  (cost=256603.25..304911.23 rows=3217370 width=13) (actual time=1335.548..17828.450 rows=110338099 loops=1)
        Merge Cond: (s.aircraft_code = f.aircraft_code)
        ->  Index Only Scan using seats_pkey on seats s  (cost=0.28..44.36 rows=1339 width=7) (actual time=0.014..2.432 rows=1339 loops=1)
              Heap Fetches: 0
        ->  Sort  (cost=256602.97..256707.84 rows=41947 width=10) (actual time=1329.721..7427.402 rows=110338003 loops=1)
              Sort Key: f.aircraft_code
              Sort Method: external sort  Disk: 16704kB
              ->  Nested Loop  (cost=0.43..253382.22 rows=41947 width=10) (actual time=0.051..1149.118 rows=700759 loops=1)
                    ->  Seq Scan on flights f  (cost=0.00..6935.34 rows=1074 width=8) (actual time=0.032..35.366 rows=17360 loops=1)
                          Filter: ((date(scheduled_departure) >= '2017-01-26'::date) AND (date(scheduled_departure) <= '2017-02-26'::date))
                          Rows Removed by Filter: 197507
                    ->  Index Scan using q4_tf_fid on ticket_flights tf  (cost=0.43..228.44 rows=103 width=10) (actual time=0.003..0.060 rows=40 loops=17360)
                          Index Cond: (flight_id = f.flight_id)
Planning Time: 0.355 ms
JIT:
  Functions: 16
  Options: Inlining false, Optimization false, Expressions true, Deforming true
  Timing: Generation 0.500 ms, Inlining 0.000 ms, Optimization 0.253 ms, Emission 5.552 ms, Total 6.305 ms
Execution Time: 27601.970 ms


## P4: B+ index (flight_id) en la tabla ticket_flights
###    B+ index (aircraft_code) en la tabla seats
GroupAggregate  (cost=259788.95..332708.56 rows=3688 width=39) (actual time=1367.173..27412.345 rows=1199 loops=1)
  Group Key: f.aircraft_code, s.seat_no
  ->  Merge Join  (cost=259788.95..308394.00 rows=3235795 width=13) (actual time=1358.622..17542.332 rows=110338099 loops=1)
        Merge Cond: (s.aircraft_code = f.aircraft_code)
        ->  Index Only Scan using seats_pkey on seats s  (cost=0.28..64.60 rows=1339 width=7) (actual time=0.016..4.817 rows=1339 loops=1)
              Heap Fetches: 1339
        ->  Sort  (cost=259788.68..259893.54 rows=41947 width=10) (actual time=1352.000..7194.866 rows=110338003 loops=1)
              Sort Key: f.aircraft_code
              Sort Method: external sort  Disk: 16704kB
              ->  Nested Loop  (cost=0.43..256567.93 rows=41947 width=10) (actual time=0.055..1189.810 rows=700759 loops=1)
                    ->  Seq Scan on flights f  (cost=0.00..6921.34 rows=1074 width=8) (actual time=0.037..34.856 rows=17360 loops=1)
                          Filter: ((date(scheduled_departure) >= '2017-01-26'::date) AND (date(scheduled_departure) <= '2017-02-26'::date))
                          Rows Removed by Filter: 197507
                    ->  Index Scan using q4_tf_fid on ticket_flights tf  (cost=0.43..231.39 rows=106 width=10) (actual time=0.002..0.063 rows=40 loops=17360)
                          Index Cond: (flight_id = f.flight_id)
Planning Time: 0.384 ms
JIT:
  Functions: 16
  Options: Inlining false, Optimization false, Expressions true, Deforming true
  Timing: Generation 0.627 ms, Inlining 0.000 ms, Optimization 0.296 ms, Emission 6.305 ms, Total 7.228 ms
Execution Time: 27414.836 ms


## P5: B+ index (flight_id) en la tabla ticket_flights
###    B+ index (aircraft_code, scheduled_departure) en la tabla flights
GroupAggregate  (cost=258664.98..331517.72 rows=3688 width=39) (actual time=1344.383..27502.113 rows=1199 loops=1)
  Group Key: f.aircraft_code, s.seat_no
  ->  Merge Join  (cost=258664.98..307225.43 rows=3232826 width=13) (actual time=1335.778..17634.845 rows=110338099 loops=1)
        Merge Cond: (s.aircraft_code = f.aircraft_code)
        ->  Index Only Scan using seats_pkey on seats s  (cost=0.28..64.60 rows=1339 width=7) (actual time=0.016..4.409 rows=1339 loops=1)
              Heap Fetches: 1339
        ->  Sort  (cost=258664.70..258769.57 rows=41947 width=10) (actual time=1329.765..7190.379 rows=110338003 loops=1)
              Sort Key: f.aircraft_code
              Sort Method: external sort  Disk: 16704kB
              ->  Nested Loop  (cost=0.43..255443.95 rows=41947 width=10) (actual time=0.063..1165.526 rows=700759 loops=1)
                    ->  Seq Scan on flights f  (cost=0.00..6921.34 rows=1074 width=8) (actual time=0.043..34.230 rows=17360 loops=1)
                          Filter: ((date(scheduled_departure) >= '2017-01-26'::date) AND (date(scheduled_departure) <= '2017-02-26'::date))
                          Rows Removed by Filter: 197507
                    ->  Index Scan using q4_tf_fid on ticket_flights tf  (cost=0.43..230.36 rows=104 width=10) (actual time=0.002..0.061 rows=40 loops=17360)
                          Index Cond: (flight_id = f.flight_id)
Planning Time: 0.665 ms
JIT:
  Functions: 16
  Options: Inlining false, Optimization false, Expressions true, Deforming true
  Timing: Generation 0.641 ms, Inlining 0.000 ms, Optimization 0.283 ms, Emission 5.715 ms, Total 6.639 ms
Execution Time: 27504.485 ms

## P6: B+ index (flight_id) en la tabla ticket_flights
###    B+ index (scheduled_departure, aircraft_code, flight_id) en la tabla flights
GroupAggregate  (cost=259533.14..332172.63 rows=3688 width=39) (actual time=1283.772..26746.457 rows=1199 loops=1)
  Group Key: f.aircraft_code, s.seat_no
  ->  Merge Join  (cost=259533.14..307944.55 rows=3224265 width=13) (actual time=1275.342..17258.922 rows=110338099 loops=1)
        Merge Cond: (s.aircraft_code = f.aircraft_code)
        ->  Index Only Scan using seats_pkey on seats s  (cost=0.28..44.36 rows=1339 width=7) (actual time=0.014..1.498 rows=1339 loops=1)
              Heap Fetches: 0
        ->  Sort  (cost=259532.86..259637.72 rows=41944 width=10) (actual time=1269.500..7151.078 rows=110338003 loops=1)
              Sort Key: f.aircraft_code
              Sort Method: external sort  Disk: 16704kB
              ->  Nested Loop  (cost=0.43..256312.36 rows=41944 width=10) (actual time=0.052..1096.144 rows=700759 loops=1)
                    ->  Seq Scan on flights f  (cost=0.00..6935.34 rows=1074 width=8) (actual time=0.031..33.321 rows=17360 loops=1)
                          Filter: ((date(scheduled_departure) >= '2017-01-26'::date) AND (date(scheduled_departure) <= '2017-02-26'::date))
                          Rows Removed by Filter: 197507
                    ->  Index Scan using q4_tf_fid on ticket_flights tf  (cost=0.43..231.14 rows=105 width=10) (actual time=0.002..0.057 rows=40 loops=17360)
                          Index Cond: (flight_id = f.flight_id)
Planning Time: 0.415 ms
JIT:
  Functions: 16
  Options: Inlining false, Optimization false, Expressions true, Deforming true
  Timing: Generation 0.527 ms, Inlining 0.000 ms, Optimization 0.273 ms, Emission 5.550 ms, Total 6.350 ms
Execution Time: 26749.039 ms



## P7: B+ index (flight_id) en la tabla ticket_flights
###    B+ index (aircraft_code) en la tabla seats
####   B+ index (scheduled_departure) en la tabla flights 
GroupAggregate  (cost=254063.86..327003.24 rows=3688 width=39) (actual time=1322.043..26785.834 rows=1199 loops=1)
  Group Key: f.aircraft_code, s.seat_no
  ->  Merge Join  (cost=254063.86..302675.19 rows=3237593 width=13) (actual time=1313.629..17285.577 rows=110338099 loops=1)
        Merge Cond: (s.aircraft_code = f.aircraft_code)
        ->  Index Only Scan using seats_pkey on seats s  (cost=0.28..44.36 rows=1339 width=7) (actual time=0.013..2.053 rows=1339 loops=1)
              Heap Fetches: 0
        ->  Sort  (cost=254063.58..254168.46 rows=41949 width=10) (actual time=1307.786..7156.173 rows=110338003 loops=1)
              Sort Key: f.aircraft_code
              Sort Method: external sort  Disk: 16704kB
              ->  Nested Loop  (cost=0.43..250842.67 rows=41949 width=10) (actual time=0.053..1134.561 rows=700759 loops=1)
                    ->  Seq Scan on flights f  (cost=0.00..6935.34 rows=1074 width=8) (actual time=0.032..33.777 rows=17360 loops=1)
                          Filter: ((date(scheduled_departure) >= '2017-01-26'::date) AND (date(scheduled_departure) <= '2017-02-26'::date))
                          Rows Removed by Filter: 197507
                    ->  Index Scan using q4_tf_fid on ticket_flights tf  (cost=0.43..226.08 rows=102 width=10) (actual time=0.002..0.059 rows=40 loops=17360)
                          Index Cond: (flight_id = f.flight_id)
Planning Time: 0.391 ms
JIT:
  Functions: 16
  Options: Inlining false, Optimization false, Expressions true, Deforming true
  Timing: Generation 0.509 ms, Inlining 0.000 ms, Optimization 0.262 ms, Emission 5.563 ms, Total 6.334 ms
Execution Time: 26788.301 ms