# Reporte de dinero recaudado en reservas por dia

```
SELECT
	DATE(b.book_date),
	SUM(b.total_amount) revenue,
	COUNT(DISTINCT(t.passenger_id)) count_passengers
FROM 
	bookings b
JOIN 
	tickets t ON t.book_ref = b.book_ref
GROUP BY
	DATE(b.book_date)
ORDER BY
	COUNT(DISTINCT(t.passenger_id)) DESC,
	SUM(b.total_amount) DESC;
```
# PLAN ORIGINAL
Sort  (cost=1210235.83..1211316.54 rows=432284 width=44) (actual time=11031.050..11031.073 rows=392 loops=1)
  Sort Key: (count(DISTINCT t.passenger_id)) DESC, (sum(b.total_amount)) DESC
  Sort Method: quicksort  Memory: 55kB
  ->  GroupAggregate  (cost=1120487.71..1156470.54 rows=432284 width=44) (actual time=8292.896..11030.749 rows=392 loops=1)
        Group Key: (date(b.book_date))
        ->  Sort  (cost=1120487.71..1127862.36 rows=2949857 width=22) (actual time=8292.832..8494.043 rows=2949857 loops=1)
              Sort Key: (date(b.book_date))
              Sort Method: external merge  Disk: 95136kB
              ->  Merge Join  (cost=516927.26..682497.93 rows=2949857 width=22) (actual time=5370.405..7589.879 rows=2949857 loops=1)
                    Merge Cond: (b.book_ref = t.book_ref)
                    ->  Index Scan using bookings_pkey on bookings b  (cost=0.43..108673.78 rows=2111110 width=21) (actual time=0.005..1023.270 rows=2111110 loops=1)
                    ->  Sort  (cost=516925.35..524300.00 rows=2949857 width=19) (actual time=5291.119..5492.521 rows=2949857 loops=1)
                          Sort Key: t.book_ref
                          Sort Method: external sort  Disk: 95320kB
                          ->  Seq Scan on tickets t  (cost=0.00..78935.57 rows=2949857 width=19) (actual time=0.149..244.522 rows=2949857 loops=1)
Planning Time: 0.185 ms
JIT:
  Functions: 14
  Options: Inlining true, Optimization true, Expressions true, Deforming true
  Timing: Generation 0.550 ms, Inlining 6.613 ms, Optimization 44.093 ms, Emission 28.578 ms, Total 79.834 ms
Execution Time: 11051.562 ms

